{"/Users/Edward/Projects/bookshelf/lib/base/promise.js":{"path":"/Users/Edward/Projects/bookshelf/lib/base/promise.js","s":{"1":1,"2":1,"3":1,"4":0,"5":0,"6":1,"7":0,"8":0,"9":1,"10":0,"11":0,"12":1,"13":0,"14":0,"15":1},"b":{},"f":{"1":0,"2":0,"3":0,"4":0},"fnMap":{"1":{"name":"(anonymous_1)","line":6,"loc":{"start":{"line":6,"column":29},"end":{"line":6,"column":41}}},"2":{"name":"(anonymous_2)","line":10,"loc":{"start":{"line":10,"column":27},"end":{"line":10,"column":39}}},"3":{"name":"(anonymous_3)","line":14,"loc":{"start":{"line":14,"column":30},"end":{"line":14,"column":42}}},"4":{"name":"(anonymous_4)","line":18,"loc":{"start":{"line":18,"column":25},"end":{"line":18,"column":37}}}},"statementMap":{"1":{"start":{"line":3,"column":0},"end":{"line":3,"column":52}},"2":{"start":{"line":4,"column":0},"end":{"line":4,"column":36}},"3":{"start":{"line":6,"column":0},"end":{"line":9,"column":2}},"4":{"start":{"line":7,"column":2},"end":{"line":7,"column":41}},"5":{"start":{"line":8,"column":2},"end":{"line":8,"column":47}},"6":{"start":{"line":10,"column":0},"end":{"line":13,"column":2}},"7":{"start":{"line":11,"column":2},"end":{"line":11,"column":43}},"8":{"start":{"line":12,"column":2},"end":{"line":12,"column":48}},"9":{"start":{"line":14,"column":0},"end":{"line":17,"column":2}},"10":{"start":{"line":15,"column":2},"end":{"line":15,"column":44}},"11":{"start":{"line":16,"column":2},"end":{"line":16,"column":46}},"12":{"start":{"line":18,"column":0},"end":{"line":21,"column":2}},"13":{"start":{"line":19,"column":2},"end":{"line":19,"column":62}},"14":{"start":{"line":20,"column":2},"end":{"line":20,"column":45}},"15":{"start":{"line":23,"column":0},"end":{"line":23,"column":25}}},"branchMap":{}},"/Users/Edward/Projects/bookshelf/lib/helpers.js":{"path":"/Users/Edward/Projects/bookshelf/lib/helpers.js","s":{"1":1,"2":1,"3":1,"4":63,"5":63,"6":21,"7":21,"8":9,"9":63,"10":51,"11":99,"12":51,"13":3,"14":48,"15":1106,"16":917,"17":917,"18":1106,"19":1007,"20":99,"21":99,"22":9,"23":90,"24":21,"25":24,"26":24,"27":69,"28":99,"29":0,"30":0,"31":0,"32":1},"b":{"1":[21,42],"2":[63,60,27,24],"3":[21,3],"4":[9,12],"5":[3,48],"6":[917,189],"7":[1007,99],"8":[9,90],"9":[21,69],"10":[6,18]},"f":{"1":63,"2":51,"3":99,"4":1106,"5":0,"6":0,"7":0},"fnMap":{"1":{"name":"saveConstraints","line":11,"loc":{"start":{"line":11,"column":19},"end":{"line":11,"column":64}}},"2":{"name":"morphCandidate","line":22,"loc":{"start":{"line":22,"column":18},"end":{"line":22,"column":68}}},"3":{"name":"(anonymous_3)","line":23,"loc":{"start":{"line":23,"column":36},"end":{"line":23,"column":57}}},"4":{"name":"query","line":37,"loc":{"start":{"line":37,"column":9},"end":{"line":37,"column":35}}},"5":{"name":"error","line":72,"loc":{"start":{"line":72,"column":9},"end":{"line":72,"column":29}}},"6":{"name":"warn","line":76,"loc":{"start":{"line":76,"column":8},"end":{"line":76,"column":27}}},"7":{"name":"deprecate","line":80,"loc":{"start":{"line":80,"column":13},"end":{"line":80,"column":38}}}},"statementMap":{"1":{"start":{"line":5,"column":0},"end":{"line":5,"column":26}},"2":{"start":{"line":6,"column":0},"end":{"line":6,"column":29}},"3":{"start":{"line":8,"column":0},"end":{"line":84,"column":2}},"4":{"start":{"line":12,"column":4},"end":{"line":12,"column":18}},"5":{"start":{"line":13,"column":4},"end":{"line":16,"column":5}},"6":{"start":{"line":14,"column":6},"end":{"line":14,"column":109}},"7":{"start":{"line":15,"column":6},"end":{"line":15,"column":99}},"8":{"start":{"line":15,"column":33},"end":{"line":15,"column":99}},"9":{"start":{"line":17,"column":4},"end":{"line":17,"column":40}},"10":{"start":{"line":23,"column":4},"end":{"line":25,"column":7}},"11":{"start":{"line":24,"column":6},"end":{"line":24,"column":73}},"12":{"start":{"line":26,"column":4},"end":{"line":28,"column":5}},"13":{"start":{"line":27,"column":6},"end":{"line":27,"column":68}},"14":{"start":{"line":29,"column":4},"end":{"line":29,"column":18}},"15":{"start":{"line":40,"column":4},"end":{"line":43,"column":5}},"16":{"start":{"line":41,"column":6},"end":{"line":41,"column":49}},"17":{"start":{"line":42,"column":6},"end":{"line":42,"column":42}},"18":{"start":{"line":46,"column":4},"end":{"line":46,"column":44}},"19":{"start":{"line":46,"column":27},"end":{"line":46,"column":44}},"20":{"start":{"line":48,"column":4},"end":{"line":48,"column":25}},"21":{"start":{"line":50,"column":4},"end":{"line":68,"column":5}},"22":{"start":{"line":54,"column":6},"end":{"line":54,"column":40}},"23":{"start":{"line":55,"column":11},"end":{"line":68,"column":5}},"24":{"start":{"line":59,"column":6},"end":{"line":62,"column":7}},"25":{"start":{"line":60,"column":8},"end":{"line":60,"column":74}},"26":{"start":{"line":61,"column":8},"end":{"line":61,"column":48}},"27":{"start":{"line":67,"column":6},"end":{"line":67,"column":56}},"28":{"start":{"line":69,"column":4},"end":{"line":69,"column":15}},"29":{"start":{"line":73,"column":4},"end":{"line":73,"column":32}},"30":{"start":{"line":77,"column":4},"end":{"line":77,"column":35}},"31":{"start":{"line":81,"column":4},"end":{"line":81,"column":75}},"32":{"start":{"line":86,"column":0},"end":{"line":86,"column":25}}},"branchMap":{"1":{"line":13,"type":"if","locations":[{"start":{"line":13,"column":4},"end":{"line":13,"column":4}},{"start":{"line":13,"column":4},"end":{"line":13,"column":4}}]},"2":{"line":13,"type":"binary-expr","locations":[{"start":{"line":13,"column":8},"end":{"line":13,"column":19}},{"start":{"line":13,"column":23},"end":{"line":13,"column":47}},{"start":{"line":13,"column":51},"end":{"line":13,"column":87}},{"start":{"line":13,"column":91},"end":{"line":13,"column":123}}]},"3":{"line":14,"type":"binary-expr","locations":[{"start":{"line":14,"column":44},"end":{"line":14,"column":64}},{"start":{"line":14,"column":68},"end":{"line":14,"column":108}}]},"4":{"line":15,"type":"if","locations":[{"start":{"line":15,"column":6},"end":{"line":15,"column":6}},{"start":{"line":15,"column":6},"end":{"line":15,"column":6}}]},"5":{"line":26,"type":"if","locations":[{"start":{"line":26,"column":4},"end":{"line":26,"column":4}},{"start":{"line":26,"column":4},"end":{"line":26,"column":4}}]},"6":{"line":40,"type":"if","locations":[{"start":{"line":40,"column":4},"end":{"line":40,"column":4}},{"start":{"line":40,"column":4},"end":{"line":40,"column":4}}]},"7":{"line":46,"type":"if","locations":[{"start":{"line":46,"column":4},"end":{"line":46,"column":4}},{"start":{"line":46,"column":4},"end":{"line":46,"column":4}}]},"8":{"line":50,"type":"if","locations":[{"start":{"line":50,"column":4},"end":{"line":50,"column":4}},{"start":{"line":50,"column":4},"end":{"line":50,"column":4}}]},"9":{"line":55,"type":"if","locations":[{"start":{"line":55,"column":11},"end":{"line":55,"column":11}},{"start":{"line":55,"column":11},"end":{"line":55,"column":11}}]},"10":{"line":60,"type":"cond-expr","locations":[{"start":{"line":60,"column":46},"end":{"line":60,"column":57}},{"start":{"line":60,"column":60},"end":{"line":60,"column":73}}]}}},"/Users/Edward/Projects/bookshelf/bookshelf.js":{"path":"/Users/Edward/Projects/bookshelf/bookshelf.js","s":{"1":1},"b":{},"f":{},"fnMap":{},"statementMap":{"1":{"start":{"line":11,"column":0},"end":{"line":11,"column":43}}},"branchMap":{}},"/Users/Edward/Projects/bookshelf/lib/bookshelf.js":{"path":"/Users/Edward/Projects/bookshelf/lib/bookshelf.js","s":{"1":1,"2":1,"3":8,"4":1,"5":1,"6":1,"7":1,"8":1,"9":1,"10":1,"11":1,"12":1,"13":1,"14":1,"15":1,"16":1,"17":1,"18":1,"19":1,"20":1,"21":5,"22":5,"23":5,"24":0,"25":5,"26":465,"27":0,"28":465,"29":606,"30":3,"31":33,"32":5,"33":5,"34":5,"35":5,"36":5,"37":0,"38":30,"39":30,"40":15,"41":15,"42":3,"43":0,"44":3,"45":3,"46":15,"47":3,"48":3,"49":12,"50":30,"51":5,"52":1,"53":110,"54":110,"55":110,"56":1,"57":995,"58":995,"59":995,"60":833,"61":5,"62":10,"63":15,"64":15,"65":5,"66":1,"67":0,"68":0,"69":1,"70":1},"b":{"1":[0,8],"2":[8,8],"3":[0,5],"4":[0,465],"5":[465,426],"6":[606,81],"7":[15,15],"8":[0,3],"9":[3,0],"10":[3,12],"11":[0,110],"12":[959,36]},"f":{"1":8,"2":5,"3":465,"4":606,"5":3,"6":33,"7":0,"8":30,"9":3,"10":110,"11":995,"12":833,"13":10,"14":15,"15":0},"fnMap":{"1":{"name":"_interopRequireDefault","line":5,"loc":{"start":{"line":5,"column":0},"end":{"line":5,"column":37}}},"2":{"name":"Bookshelf","line":56,"loc":{"start":{"line":56,"column":0},"end":{"line":56,"column":25}}},"3":{"name":"_relation","line":73,"loc":{"start":{"line":73,"column":15},"end":{"line":73,"column":57}}},"4":{"name":"collection","line":121,"loc":{"start":{"line":121,"column":16},"end":{"line":121,"column":53}}},"5":{"name":"count","line":142,"loc":{"start":{"line":142,"column":11},"end":{"line":142,"column":43}}},"6":{"name":"fetchAll","line":156,"loc":{"start":{"line":156,"column":14},"end":{"line":156,"column":41}}},"7":{"name":"transaction","line":256,"loc":{"start":{"line":256,"column":17},"end":{"line":256,"column":40}}},"8":{"name":"plugin","line":275,"loc":{"start":{"line":275,"column":12},"end":{"line":275,"column":46}}},"9":{"name":"(anonymous_9)","line":290,"loc":{"start":{"line":290,"column":42},"end":{"line":290,"column":55}}},"10":{"name":"forge","line":313,"loc":{"start":{"line":313,"column":2},"end":{"line":313,"column":19}}},"11":{"name":"builderFn","line":319,"loc":{"start":{"line":319,"column":2},"end":{"line":319,"column":32}}},"12":{"name":"(anonymous_12)","line":324,"loc":{"start":{"line":324,"column":31},"end":{"line":324,"column":47}}},"13":{"name":"(anonymous_13)","line":330,"loc":{"start":{"line":330,"column":29},"end":{"line":330,"column":47}}},"14":{"name":"(anonymous_14)","line":331,"loc":{"start":{"line":331,"column":41},"end":{"line":331,"column":53}}},"15":{"name":"(anonymous_15)","line":343,"loc":{"start":{"line":343,"column":23},"end":{"line":343,"column":39}}}},"statementMap":{"1":{"start":{"line":3,"column":0},"end":{"line":3,"column":26}},"2":{"start":{"line":5,"column":0},"end":{"line":5,"column":97}},"3":{"start":{"line":5,"column":39},"end":{"line":5,"column":95}},"4":{"start":{"line":7,"column":0},"end":{"line":7,"column":32}},"5":{"start":{"line":9,"column":0},"end":{"line":9,"column":47}},"6":{"start":{"line":11,"column":0},"end":{"line":11,"column":32}},"7":{"start":{"line":13,"column":0},"end":{"line":13,"column":47}},"8":{"start":{"line":15,"column":0},"end":{"line":15,"column":36}},"9":{"start":{"line":17,"column":0},"end":{"line":17,"column":49}},"10":{"start":{"line":23,"column":0},"end":{"line":23,"column":43}},"11":{"start":{"line":25,"column":0},"end":{"line":25,"column":55}},"12":{"start":{"line":29,"column":0},"end":{"line":29,"column":32}},"13":{"start":{"line":31,"column":0},"end":{"line":31,"column":45}},"14":{"start":{"line":33,"column":0},"end":{"line":33,"column":42}},"15":{"start":{"line":35,"column":0},"end":{"line":35,"column":55}},"16":{"start":{"line":37,"column":0},"end":{"line":37,"column":39}},"17":{"start":{"line":39,"column":0},"end":{"line":39,"column":52}},"18":{"start":{"line":41,"column":0},"end":{"line":41,"column":34}},"19":{"start":{"line":43,"column":0},"end":{"line":43,"column":47}},"20":{"start":{"line":56,"column":0},"end":{"line":338,"column":1}},"21":{"start":{"line":57,"column":2},"end":{"line":59,"column":4}},"22":{"start":{"line":61,"column":2},"end":{"line":61,"column":32}},"23":{"start":{"line":62,"column":2},"end":{"line":64,"column":3}},"24":{"start":{"line":63,"column":4},"end":{"line":63,"column":125}},"25":{"start":{"line":66,"column":2},"end":{"line":159,"column":5}},"26":{"start":{"line":74,"column":6},"end":{"line":76,"column":7}},"27":{"start":{"line":75,"column":8},"end":{"line":75,"column":148}},"28":{"start":{"line":77,"column":6},"end":{"line":77,"column":49}},"29":{"start":{"line":122,"column":6},"end":{"line":122,"column":110}},"30":{"start":{"line":143,"column":6},"end":{"line":143,"column":49}},"31":{"start":{"line":157,"column":6},"end":{"line":157,"column":44}},"32":{"start":{"line":161,"column":2},"end":{"line":198,"column":5}},"33":{"start":{"line":202,"column":2},"end":{"line":202,"column":37}},"34":{"start":{"line":203,"column":2},"end":{"line":203,"column":42}},"35":{"start":{"line":205,"column":2},"end":{"line":207,"column":5}},"36":{"start":{"line":212,"column":2},"end":{"line":299,"column":5}},"37":{"start":{"line":257,"column":6},"end":{"line":257,"column":58}},"38":{"start":{"line":276,"column":6},"end":{"line":276,"column":23}},"39":{"start":{"line":278,"column":6},"end":{"line":295,"column":7}},"40":{"start":{"line":279,"column":8},"end":{"line":288,"column":9}},"41":{"start":{"line":280,"column":10},"end":{"line":280,"column":58}},"42":{"start":{"line":282,"column":10},"end":{"line":284,"column":11}},"43":{"start":{"line":283,"column":12},"end":{"line":283,"column":20}},"44":{"start":{"line":285,"column":10},"end":{"line":287,"column":11}},"45":{"start":{"line":286,"column":12},"end":{"line":286,"column":44}},"46":{"start":{"line":289,"column":13},"end":{"line":295,"column":7}},"47":{"start":{"line":290,"column":8},"end":{"line":292,"column":11}},"48":{"start":{"line":291,"column":10},"end":{"line":291,"column":35}},"49":{"start":{"line":294,"column":8},"end":{"line":294,"column":31}},"50":{"start":{"line":296,"column":6},"end":{"line":296,"column":18}},"51":{"start":{"line":308,"column":2},"end":{"line":308,"column":24}},"52":{"start":{"line":313,"column":2},"end":{"line":317,"column":3}},"53":{"start":{"line":314,"column":4},"end":{"line":314,"column":45}},"54":{"start":{"line":315,"column":4},"end":{"line":315,"column":42}},"55":{"start":{"line":316,"column":4},"end":{"line":316,"column":44}},"56":{"start":{"line":319,"column":2},"end":{"line":327,"column":3}},"57":{"start":{"line":320,"column":4},"end":{"line":320,"column":22}},"58":{"start":{"line":322,"column":4},"end":{"line":322,"column":68}},"59":{"start":{"line":324,"column":4},"end":{"line":326,"column":7}},"60":{"start":{"line":325,"column":6},"end":{"line":325,"column":43}},"61":{"start":{"line":330,"column":2},"end":{"line":335,"column":5}},"62":{"start":{"line":331,"column":4},"end":{"line":334,"column":6}},"63":{"start":{"line":332,"column":6},"end":{"line":332,"column":31}},"64":{"start":{"line":333,"column":6},"end":{"line":333,"column":51}},"65":{"start":{"line":337,"column":2},"end":{"line":337,"column":19}},"66":{"start":{"line":343,"column":0},"end":{"line":346,"column":2}},"67":{"start":{"line":344,"column":2},"end":{"line":344,"column":114}},"68":{"start":{"line":345,"column":2},"end":{"line":345,"column":29}},"69":{"start":{"line":349,"column":0},"end":{"line":349,"column":31}},"70":{"start":{"line":350,"column":0},"end":{"line":350,"column":36}}},"branchMap":{"1":{"line":5,"type":"cond-expr","locations":[{"start":{"line":5,"column":70},"end":{"line":5,"column":73}},{"start":{"line":5,"column":76},"end":{"line":5,"column":94}}]},"2":{"line":5,"type":"binary-expr","locations":[{"start":{"line":5,"column":46},"end":{"line":5,"column":49}},{"start":{"line":5,"column":53},"end":{"line":5,"column":67}}]},"3":{"line":62,"type":"if","locations":[{"start":{"line":62,"column":2},"end":{"line":62,"column":2}},{"start":{"line":62,"column":2},"end":{"line":62,"column":2}}]},"4":{"line":74,"type":"if","locations":[{"start":{"line":74,"column":6},"end":{"line":74,"column":6}},{"start":{"line":74,"column":6},"end":{"line":74,"column":6}}]},"5":{"line":74,"type":"binary-expr","locations":[{"start":{"line":74,"column":10},"end":{"line":74,"column":28}},{"start":{"line":74,"column":32},"end":{"line":74,"column":71}}]},"6":{"line":122,"type":"binary-expr","locations":[{"start":{"line":122,"column":38},"end":{"line":122,"column":44}},{"start":{"line":122,"column":48},"end":{"line":122,"column":50}}]},"7":{"line":278,"type":"if","locations":[{"start":{"line":278,"column":6},"end":{"line":278,"column":6}},{"start":{"line":278,"column":6},"end":{"line":278,"column":6}}]},"8":{"line":282,"type":"if","locations":[{"start":{"line":282,"column":10},"end":{"line":282,"column":10}},{"start":{"line":282,"column":10},"end":{"line":282,"column":10}}]},"9":{"line":285,"type":"if","locations":[{"start":{"line":285,"column":10},"end":{"line":285,"column":10}},{"start":{"line":285,"column":10},"end":{"line":285,"column":10}}]},"10":{"line":289,"type":"if","locations":[{"start":{"line":289,"column":13},"end":{"line":289,"column":13}},{"start":{"line":289,"column":13},"end":{"line":289,"column":13}}]},"11":{"line":316,"type":"cond-expr","locations":[{"start":{"line":316,"column":33},"end":{"line":316,"column":36}},{"start":{"line":316,"column":39},"end":{"line":316,"column":43}}]},"12":{"line":322,"type":"cond-expr","locations":[{"start":{"line":322,"column":30},"end":{"line":322,"column":45}},{"start":{"line":322,"column":48},"end":{"line":322,"column":67}}]}}},"/Users/Edward/Projects/bookshelf/lib/base/events.js":{"path":"/Users/Edward/Projects/bookshelf/lib/base/events.js","s":{"1":1,"2":1,"3":1,"4":1,"5":1,"6":0,"7":1,"8":1,"9":1,"10":270,"11":3,"12":3,"13":9,"14":3,"15":267,"16":1,"17":114,"18":3,"19":111,"20":0,"21":111,"22":1,"23":200960,"24":0,"25":0,"26":0,"27":0,"28":0,"29":0,"30":0,"31":0,"32":200960,"33":200960,"34":1,"35":1890,"36":1890,"37":503,"38":503,"39":1006,"40":1387,"41":1890,"42":1890,"43":3,"44":3,"45":0,"46":0,"47":87,"48":87,"49":1800,"50":1800,"51":5400,"52":1890,"53":1890,"54":1890,"55":1890,"56":201,"57":1845,"58":1,"59":1,"60":111,"61":111,"62":111,"63":111,"64":111,"65":111,"66":1},"b":{"1":[3,267],"2":[3,111],"3":[0,111],"4":[0,200960],"5":[503,1387],"6":[3,0,87,1800]},"f":{"1":0,"2":270,"3":114,"4":200960,"5":1890,"6":1890,"7":111,"8":111},"fnMap":{"1":{"name":"Events","line":19,"loc":{"start":{"line":19,"column":0},"end":{"line":19,"column":18}}},"2":{"name":"(anonymous_2)","line":33,"loc":{"start":{"line":33,"column":22},"end":{"line":33,"column":47}}},"3":{"name":"(anonymous_3)","line":51,"loc":{"start":{"line":51,"column":23},"end":{"line":51,"column":50}}},"4":{"name":"(anonymous_4)","line":67,"loc":{"start":{"line":67,"column":27},"end":{"line":67,"column":43}}},"5":{"name":"(anonymous_5)","line":102,"loc":{"start":{"line":102,"column":31},"end":{"line":102,"column":47}}},"6":{"name":"(anonymous_6)","line":128,"loc":{"start":{"line":128,"column":24},"end":{"line":128,"column":36}}},"7":{"name":"(anonymous_7)","line":144,"loc":{"start":{"line":144,"column":24},"end":{"line":144,"column":59}}},"8":{"name":"(anonymous_8)","line":146,"loc":{"start":{"line":146,"column":20},"end":{"line":146,"column":32}}}},"statementMap":{"1":{"start":{"line":6,"column":0},"end":{"line":6,"column":35}},"2":{"start":{"line":7,"column":0},"end":{"line":7,"column":35}},"3":{"start":{"line":8,"column":0},"end":{"line":8,"column":50}},"4":{"start":{"line":9,"column":0},"end":{"line":9,"column":26}},"5":{"start":{"line":19,"column":0},"end":{"line":21,"column":1}},"6":{"start":{"line":20,"column":2},"end":{"line":20,"column":38}},"7":{"start":{"line":22,"column":0},"end":{"line":22,"column":31}},"8":{"start":{"line":25,"column":0},"end":{"line":25,"column":26}},"9":{"start":{"line":33,"column":0},"end":{"line":43,"column":2}},"10":{"start":{"line":35,"column":2},"end":{"line":41,"column":3}},"11":{"start":{"line":36,"column":4},"end":{"line":36,"column":42}},"12":{"start":{"line":37,"column":4},"end":{"line":39,"column":5}},"13":{"start":{"line":38,"column":6},"end":{"line":38,"column":33}},"14":{"start":{"line":40,"column":4},"end":{"line":40,"column":16}},"15":{"start":{"line":42,"column":2},"end":{"line":42,"column":58}},"16":{"start":{"line":51,"column":0},"end":{"line":59,"column":2}},"17":{"start":{"line":52,"column":2},"end":{"line":54,"column":3}},"18":{"start":{"line":53,"column":4},"end":{"line":53,"column":37}},"19":{"start":{"line":55,"column":2},"end":{"line":57,"column":3}},"20":{"start":{"line":56,"column":4},"end":{"line":56,"column":42}},"21":{"start":{"line":58,"column":2},"end":{"line":58,"column":46}},"22":{"start":{"line":67,"column":0},"end":{"line":81,"column":2}},"23":{"start":{"line":69,"column":2},"end":{"line":78,"column":3}},"24":{"start":{"line":70,"column":4},"end":{"line":70,"column":31}},"25":{"start":{"line":71,"column":4},"end":{"line":71,"column":34}},"26":{"start":{"line":72,"column":4},"end":{"line":72,"column":57}},"27":{"start":{"line":72,"column":30},"end":{"line":72,"column":57}},"28":{"start":{"line":73,"column":4},"end":{"line":73,"column":42}},"29":{"start":{"line":74,"column":4},"end":{"line":76,"column":5}},"30":{"start":{"line":75,"column":6},"end":{"line":75,"column":71}},"31":{"start":{"line":77,"column":4},"end":{"line":77,"column":16}},"32":{"start":{"line":79,"column":2},"end":{"line":79,"column":53}},"33":{"start":{"line":80,"column":2},"end":{"line":80,"column":14}},"34":{"start":{"line":102,"column":0},"end":{"line":135,"column":2}},"35":{"start":{"line":103,"column":2},"end":{"line":106,"column":21}},"36":{"start":{"line":108,"column":2},"end":{"line":115,"column":3}},"37":{"start":{"line":109,"column":4},"end":{"line":109,"column":42}},"38":{"start":{"line":110,"column":4},"end":{"line":112,"column":5}},"39":{"start":{"line":111,"column":6},"end":{"line":111,"column":61}},"40":{"start":{"line":114,"column":4},"end":{"line":114,"column":37}},"41":{"start":{"line":116,"column":2},"end":{"line":116,"column":29}},"42":{"start":{"line":117,"column":2},"end":{"line":126,"column":3}},"43":{"start":{"line":119,"column":6},"end":{"line":119,"column":16}},"44":{"start":{"line":119,"column":16},"end":{"line":119,"column":22}},"45":{"start":{"line":121,"column":6},"end":{"line":121,"column":28}},"46":{"start":{"line":121,"column":28},"end":{"line":121,"column":34}},"47":{"start":{"line":123,"column":6},"end":{"line":123,"column":42}},"48":{"start":{"line":123,"column":42},"end":{"line":123,"column":48}},"49":{"start":{"line":125,"column":6},"end":{"line":125,"column":32}},"50":{"start":{"line":125,"column":32},"end":{"line":125,"column":85}},"51":{"start":{"line":125,"column":58},"end":{"line":125,"column":85}},"52":{"start":{"line":127,"column":2},"end":{"line":127,"column":20}},"53":{"start":{"line":128,"column":2},"end":{"line":134,"column":5}},"54":{"start":{"line":129,"column":4},"end":{"line":129,"column":21}},"55":{"start":{"line":130,"column":4},"end":{"line":132,"column":5}},"56":{"start":{"line":131,"column":6},"end":{"line":131,"column":52}},"57":{"start":{"line":133,"column":4},"end":{"line":133,"column":32}},"58":{"start":{"line":136,"column":0},"end":{"line":136,"column":57}},"59":{"start":{"line":144,"column":0},"end":{"line":152,"column":2}},"60":{"start":{"line":145,"column":2},"end":{"line":145,"column":18}},"61":{"start":{"line":146,"column":2},"end":{"line":149,"column":5}},"62":{"start":{"line":147,"column":4},"end":{"line":147,"column":25}},"63":{"start":{"line":148,"column":4},"end":{"line":148,"column":43}},"64":{"start":{"line":150,"column":2},"end":{"line":150,"column":28}},"65":{"start":{"line":151,"column":2},"end":{"line":151,"column":38}},"66":{"start":{"line":154,"column":0},"end":{"line":154,"column":24}}},"branchMap":{"1":{"line":35,"type":"if","locations":[{"start":{"line":35,"column":2},"end":{"line":35,"column":2}},{"start":{"line":35,"column":2},"end":{"line":35,"column":2}}]},"2":{"line":52,"type":"if","locations":[{"start":{"line":52,"column":2},"end":{"line":52,"column":2}},{"start":{"line":52,"column":2},"end":{"line":52,"column":2}}]},"3":{"line":55,"type":"if","locations":[{"start":{"line":55,"column":2},"end":{"line":55,"column":2}},{"start":{"line":55,"column":2},"end":{"line":55,"column":2}}]},"4":{"line":69,"type":"if","locations":[{"start":{"line":69,"column":2},"end":{"line":69,"column":2}},{"start":{"line":69,"column":2},"end":{"line":69,"column":2}}]},"5":{"line":108,"type":"if","locations":[{"start":{"line":108,"column":2},"end":{"line":108,"column":2}},{"start":{"line":108,"column":2},"end":{"line":108,"column":2}}]},"6":{"line":117,"type":"switch","locations":[{"start":{"line":118,"column":4},"end":{"line":119,"column":22}},{"start":{"line":120,"column":4},"end":{"line":121,"column":34}},{"start":{"line":122,"column":4},"end":{"line":123,"column":48}},{"start":{"line":124,"column":4},"end":{"line":125,"column":85}}]}}},"/Users/Edward/Projects/bookshelf/lib/model.js":{"path":"/Users/Edward/Projects/bookshelf/lib/model.js","s":{"1":1,"2":8,"3":1,"4":1,"5":1,"6":1,"7":1,"8":1,"9":1,"10":1,"11":1,"12":1,"13":1,"14":1,"15":1,"16":1,"17":1,"18":1,"19":1,"20":38,"21":132,"22":43,"23":185,"24":6,"25":22,"26":39,"27":0,"28":39,"29":39,"30":12,"31":12,"32":27,"33":27,"34":39,"35":11,"36":12,"37":12,"38":206,"39":218,"40":218,"41":215,"42":12,"43":3,"44":9,"45":203,"46":78,"47":197,"48":24,"49":9,"50":15,"51":69,"52":69,"53":69,"54":69,"55":0,"56":69,"57":15,"58":54,"59":54,"60":54,"61":54,"62":54,"63":9,"64":9,"65":9,"66":259,"67":259,"68":259,"69":259,"70":0,"71":0,"72":259,"73":259,"74":259,"75":259,"76":211,"77":211,"78":57,"79":259,"80":259,"81":54,"82":259,"83":3,"84":259,"85":259,"86":259,"87":247,"88":247,"89":184,"90":63,"91":6,"92":3,"93":244,"94":244,"95":244,"96":48,"97":48,"98":48,"99":48,"100":48,"101":42,"102":39,"103":3,"104":36,"105":36,"106":650,"107":650,"108":752,"109":12,"110":12,"111":566,"112":28,"113":16,"114":16,"115":28,"116":0,"117":28,"118":203,"119":203,"120":203,"121":3,"122":87,"123":603,"124":603,"125":603,"126":1,"127":1,"128":1,"129":1},"b":{"1":[0,8],"2":[8,8],"3":[0,39],"4":[12,27],"5":[3,9],"6":[105,113],"7":[12,203],"8":[215,215],"9":[3,9],"10":[78,125],"11":[9,15],"12":[0,69],"13":[3,6],"14":[259,0],"15":[259,60],"16":[259,199],"17":[259,129],"18":[0,0],"19":[211,48],"20":[259,51],"21":[57,154],"22":[54,205],"23":[3,256],"24":[259,3],"25":[208,51],"26":[9,238],"27":[247,48],"28":[184,63],"29":[247,199],"30":[6,57],"31":[63,48],"32":[3,3],"33":[199,45],"34":[3,45],"35":[3,36],"36":[39,3],"37":[16,12],"38":[0,28],"39":[28,28],"40":[3,200],"41":[203,39]},"f":{"1":8,"2":38,"3":132,"4":43,"5":185,"6":6,"7":22,"8":39,"9":11,"10":12,"11":206,"12":218,"13":215,"14":203,"15":197,"16":24,"17":69,"18":15,"19":54,"20":54,"21":54,"22":9,"23":9,"24":9,"25":259,"26":259,"27":259,"28":247,"29":247,"30":48,"31":48,"32":42,"33":39,"34":650,"35":752,"36":12,"37":566,"38":28,"39":203,"40":87,"41":603},"fnMap":{"1":{"name":"_interopRequireDefault","line":3,"loc":{"start":{"line":3,"column":0},"end":{"line":3,"column":37}}},"2":{"name":"hasOne","line":129,"loc":{"start":{"line":129,"column":10},"end":{"line":129,"column":46}}},"3":{"name":"hasMany","line":164,"loc":{"start":{"line":164,"column":11},"end":{"line":164,"column":48}}},"4":{"name":"belongsTo","line":207,"loc":{"start":{"line":207,"column":13},"end":{"line":207,"column":52}}},"5":{"name":"belongsToMany","line":303,"loc":{"start":{"line":303,"column":17},"end":{"line":303,"column":85}}},"6":{"name":"morphOne","line":357,"loc":{"start":{"line":357,"column":12},"end":{"line":357,"column":69}}},"7":{"name":"morphMany","line":409,"loc":{"start":{"line":409,"column":13},"end":{"line":409,"column":71}}},"8":{"name":"morphTo","line":447,"loc":{"start":{"line":447,"column":11},"end":{"line":447,"column":39}}},"9":{"name":"through","line":533,"loc":{"start":{"line":533,"column":11},"end":{"line":533,"column":66}}},"10":{"name":"refresh","line":551,"loc":{"start":{"line":551,"column":11},"end":{"line":551,"column":37}}},"11":{"name":"fetch","line":643,"loc":{"start":{"line":643,"column":9},"end":{"line":643,"column":33}}},"12":{"name":"(anonymous_12)","line":649,"loc":{"start":{"line":649,"column":44},"end":{"line":649,"column":75}}},"13":{"name":"(anonymous_13)","line":656,"loc":{"start":{"line":656,"column":9},"end":{"line":656,"column":29}}},"14":{"name":"(anonymous_14)","line":670,"loc":{"start":{"line":670,"column":9},"end":{"line":670,"column":29}}},"15":{"name":"(anonymous_15)","line":674,"loc":{"start":{"line":674,"column":11},"end":{"line":674,"column":31}}},"16":{"name":"(anonymous_16)","line":692,"loc":{"start":{"line":692,"column":32},"end":{"line":692,"column":47}}},"17":{"name":"all","line":699,"loc":{"start":{"line":699,"column":7},"end":{"line":699,"column":22}}},"18":{"name":"count","line":727,"loc":{"start":{"line":727,"column":9},"end":{"line":727,"column":41}}},"19":{"name":"fetchAll","line":762,"loc":{"start":{"line":762,"column":12},"end":{"line":762,"column":39}}},"20":{"name":"(anonymous_20)","line":766,"loc":{"start":{"line":766,"column":39},"end":{"line":766,"column":68}}},"21":{"name":"(anonymous_21)","line":778,"loc":{"start":{"line":778,"column":23},"end":{"line":778,"column":49}}},"22":{"name":"(anonymous_22)","line":825,"loc":{"start":{"line":825,"column":40},"end":{"line":825,"column":70}}},"23":{"name":"(anonymous_23)","line":826,"loc":{"start":{"line":826,"column":52},"end":{"line":826,"column":64}}},"24":{"name":"(anonymous_24)","line":828,"loc":{"start":{"line":828,"column":12},"end":{"line":828,"column":32}}},"25":{"name":"(anonymous_25)","line":908,"loc":{"start":{"line":908,"column":40},"end":{"line":908,"column":69}}},"26":{"name":"(anonymous_26)","line":920,"loc":{"start":{"line":920,"column":52},"end":{"line":920,"column":64}}},"27":{"name":"(anonymous_27)","line":922,"loc":{"start":{"line":922,"column":12},"end":{"line":922,"column":30}}},"28":{"name":"(anonymous_28)","line":997,"loc":{"start":{"line":997,"column":129},"end":{"line":997,"column":141}}},"29":{"name":"(anonymous_29)","line":999,"loc":{"start":{"line":999,"column":14},"end":{"line":999,"column":30}}},"30":{"name":"(anonymous_30)","line":1084,"loc":{"start":{"line":1084,"column":43},"end":{"line":1084,"column":62}}},"31":{"name":"(anonymous_31)","line":1088,"loc":{"start":{"line":1088,"column":52},"end":{"line":1088,"column":64}}},"32":{"name":"(anonymous_32)","line":1104,"loc":{"start":{"line":1104,"column":12},"end":{"line":1104,"column":24}}},"33":{"name":"(anonymous_33)","line":1106,"loc":{"start":{"line":1106,"column":12},"end":{"line":1106,"column":28}}},"34":{"name":"resetQuery","line":1136,"loc":{"start":{"line":1136,"column":14},"end":{"line":1136,"column":36}}},"35":{"name":"query","line":1181,"loc":{"start":{"line":1181,"column":9},"end":{"line":1181,"column":26}}},"36":{"name":"where","line":1211,"loc":{"start":{"line":1211,"column":9},"end":{"line":1211,"column":26}}},"37":{"name":"sync","line":1223,"loc":{"start":{"line":1223,"column":8},"end":{"line":1223,"column":31}}},"38":{"name":"_morphOneOrMany","line":1233,"loc":{"start":{"line":1233,"column":19},"end":{"line":1233,"column":94}}},"39":{"name":"_handleResponse","line":1255,"loc":{"start":{"line":1255,"column":19},"end":{"line":1255,"column":54}}},"40":{"name":"_handleEager","line":1272,"loc":{"start":{"line":1272,"column":16},"end":{"line":1272,"column":57}}},"41":{"name":"extended","line":1278,"loc":{"start":{"line":1278,"column":12},"end":{"line":1278,"column":37}}}},"statementMap":{"1":{"start":{"line":3,"column":0},"end":{"line":3,"column":97}},"2":{"start":{"line":3,"column":39},"end":{"line":3,"column":95}},"3":{"start":{"line":5,"column":0},"end":{"line":5,"column":32}},"4":{"start":{"line":7,"column":0},"end":{"line":7,"column":47}},"5":{"start":{"line":9,"column":0},"end":{"line":9,"column":43}},"6":{"start":{"line":11,"column":0},"end":{"line":11,"column":57}},"7":{"start":{"line":13,"column":0},"end":{"line":13,"column":30}},"8":{"start":{"line":15,"column":0},"end":{"line":15,"column":43}},"9":{"start":{"line":17,"column":0},"end":{"line":17,"column":36}},"10":{"start":{"line":19,"column":0},"end":{"line":19,"column":49}},"11":{"start":{"line":21,"column":0},"end":{"line":21,"column":32}},"12":{"start":{"line":23,"column":0},"end":{"line":23,"column":45}},"13":{"start":{"line":25,"column":0},"end":{"line":25,"column":34}},"14":{"start":{"line":27,"column":0},"end":{"line":27,"column":47}},"15":{"start":{"line":29,"column":0},"end":{"line":29,"column":41}},"16":{"start":{"line":31,"column":0},"end":{"line":31,"column":53}},"17":{"start":{"line":33,"column":0},"end":{"line":33,"column":45}},"18":{"start":{"line":35,"column":0},"end":{"line":35,"column":57}},"19":{"start":{"line":88,"column":0},"end":{"line":1308,"column":3}},"20":{"start":{"line":130,"column":4},"end":{"line":130,"column":83}},"21":{"start":{"line":165,"column":4},"end":{"line":165,"column":84}},"22":{"start":{"line":208,"column":4},"end":{"line":208,"column":86}},"23":{"start":{"line":304,"column":4},"end":{"line":306,"column":18}},"24":{"start":{"line":358,"column":4},"end":{"line":358,"column":83}},"25":{"start":{"line":410,"column":4},"end":{"line":410,"column":84}},"26":{"start":{"line":448,"column":4},"end":{"line":448,"column":107}},"27":{"start":{"line":448,"column":50},"end":{"line":448,"column":107}},"28":{"start":{"line":449,"column":4},"end":{"line":450,"column":31}},"29":{"start":{"line":451,"column":4},"end":{"line":457,"column":5}},"30":{"start":{"line":452,"column":6},"end":{"line":452,"column":33}},"31":{"start":{"line":453,"column":6},"end":{"line":453,"column":58}},"32":{"start":{"line":455,"column":6},"end":{"line":455,"column":25}},"33":{"start":{"line":456,"column":6},"end":{"line":456,"column":55}},"34":{"start":{"line":458,"column":4},"end":{"line":458,"column":130}},"35":{"start":{"line":534,"column":4},"end":{"line":534,"column":113}},"36":{"start":{"line":555,"column":4},"end":{"line":555,"column":114}},"37":{"start":{"line":557,"column":4},"end":{"line":557,"column":46}},"38":{"start":{"line":646,"column":4},"end":{"line":646,"column":51}},"39":{"start":{"line":650,"column":4},"end":{"line":650,"column":64}},"40":{"start":{"line":653,"column":4},"end":{"line":695,"column":7}},"41":{"start":{"line":657,"column":6},"end":{"line":660,"column":7}},"42":{"start":{"line":658,"column":8},"end":{"line":658,"column":87}},"43":{"start":{"line":658,"column":29},"end":{"line":658,"column":87}},"44":{"start":{"line":659,"column":8},"end":{"line":659,"column":53}},"45":{"start":{"line":671,"column":6},"end":{"line":673,"column":7}},"46":{"start":{"line":672,"column":8},"end":{"line":672,"column":89}},"47":{"start":{"line":691,"column":6},"end":{"line":691,"column":66}},"48":{"start":{"line":693,"column":6},"end":{"line":693,"column":35}},"49":{"start":{"line":693,"column":24},"end":{"line":693,"column":35}},"50":{"start":{"line":694,"column":6},"end":{"line":694,"column":16}},"51":{"start":{"line":700,"column":4},"end":{"line":700,"column":51}},"52":{"start":{"line":701,"column":4},"end":{"line":701,"column":44}},"53":{"start":{"line":702,"column":4},"end":{"line":702,"column":22}},"54":{"start":{"line":703,"column":4},"end":{"line":703,"column":68}},"55":{"start":{"line":703,"column":26},"end":{"line":703,"column":68}},"56":{"start":{"line":704,"column":4},"end":{"line":704,"column":22}},"57":{"start":{"line":728,"column":4},"end":{"line":728,"column":45}},"58":{"start":{"line":763,"column":4},"end":{"line":763,"column":21}},"59":{"start":{"line":765,"column":4},"end":{"line":765,"column":32}},"60":{"start":{"line":766,"column":4},"end":{"line":790,"column":22}},"61":{"start":{"line":777,"column":6},"end":{"line":777,"column":81}},"62":{"start":{"line":789,"column":6},"end":{"line":789,"column":77}},"63":{"start":{"line":826,"column":4},"end":{"line":833,"column":23}},"64":{"start":{"line":827,"column":6},"end":{"line":827,"column":93}},"65":{"start":{"line":829,"column":6},"end":{"line":832,"column":10}},"66":{"start":{"line":909,"column":4},"end":{"line":909,"column":26}},"67":{"start":{"line":912,"column":4},"end":{"line":918,"column":5}},"68":{"start":{"line":913,"column":6},"end":{"line":913,"column":24}},"69":{"start":{"line":914,"column":6},"end":{"line":914,"column":53}},"70":{"start":{"line":916,"column":6},"end":{"line":916,"column":30}},"71":{"start":{"line":917,"column":6},"end":{"line":917,"column":66}},"72":{"start":{"line":920,"column":4},"end":{"line":1053,"column":23}},"73":{"start":{"line":921,"column":6},"end":{"line":921,"column":38}},"74":{"start":{"line":925,"column":6},"end":{"line":925,"column":30}},"75":{"start":{"line":929,"column":6},"end":{"line":934,"column":7}},"76":{"start":{"line":930,"column":8},"end":{"line":930,"column":68}},"77":{"start":{"line":931,"column":8},"end":{"line":933,"column":9}},"78":{"start":{"line":932,"column":10},"end":{"line":932,"column":83}},"79":{"start":{"line":938,"column":6},"end":{"line":938,"column":40}},"80":{"start":{"line":942,"column":6},"end":{"line":944,"column":7}},"81":{"start":{"line":943,"column":8},"end":{"line":943,"column":113}},"82":{"start":{"line":947,"column":6},"end":{"line":949,"column":7}},"83":{"start":{"line":948,"column":8},"end":{"line":948,"column":69}},"84":{"start":{"line":953,"column":6},"end":{"line":953,"column":36}},"85":{"start":{"line":954,"column":6},"end":{"line":954,"column":33}},"86":{"start":{"line":997,"column":6},"end":{"line":1052,"column":9}},"87":{"start":{"line":998,"column":8},"end":{"line":998,"column":100}},"88":{"start":{"line":1002,"column":8},"end":{"line":1008,"column":9}},"89":{"start":{"line":1003,"column":10},"end":{"line":1003,"column":64}},"90":{"start":{"line":1004,"column":15},"end":{"line":1008,"column":9}},"91":{"start":{"line":1005,"column":10},"end":{"line":1007,"column":11}},"92":{"start":{"line":1006,"column":12},"end":{"line":1006,"column":77}},"93":{"start":{"line":1012,"column":8},"end":{"line":1012,"column":62}},"94":{"start":{"line":1014,"column":8},"end":{"line":1014,"column":22}},"95":{"start":{"line":1051,"column":8},"end":{"line":1051,"column":110}},"96":{"start":{"line":1085,"column":4},"end":{"line":1085,"column":64}},"97":{"start":{"line":1086,"column":4},"end":{"line":1086,"column":34}},"98":{"start":{"line":1087,"column":4},"end":{"line":1087,"column":31}},"99":{"start":{"line":1088,"column":4},"end":{"line":1125,"column":25}},"100":{"start":{"line":1103,"column":6},"end":{"line":1103,"column":59}},"101":{"start":{"line":1105,"column":6},"end":{"line":1105,"column":24}},"102":{"start":{"line":1107,"column":6},"end":{"line":1109,"column":7}},"103":{"start":{"line":1108,"column":8},"end":{"line":1108,"column":73}},"104":{"start":{"line":1110,"column":6},"end":{"line":1110,"column":19}},"105":{"start":{"line":1124,"column":6},"end":{"line":1124,"column":64}},"106":{"start":{"line":1137,"column":4},"end":{"line":1137,"column":22}},"107":{"start":{"line":1138,"column":4},"end":{"line":1138,"column":16}},"108":{"start":{"line":1182,"column":4},"end":{"line":1182,"column":84}},"109":{"start":{"line":1212,"column":4},"end":{"line":1212,"column":54}},"110":{"start":{"line":1213,"column":4},"end":{"line":1213,"column":58}},"111":{"start":{"line":1224,"column":4},"end":{"line":1224,"column":48}},"112":{"start":{"line":1234,"column":4},"end":{"line":1238,"column":5}},"113":{"start":{"line":1236,"column":6},"end":{"line":1236,"column":31}},"114":{"start":{"line":1237,"column":6},"end":{"line":1237,"column":25}},"115":{"start":{"line":1239,"column":4},"end":{"line":1239,"column":100}},"116":{"start":{"line":1239,"column":31},"end":{"line":1239,"column":100}},"117":{"start":{"line":1240,"column":4},"end":{"line":1240,"column":127}},"118":{"start":{"line":1256,"column":4},"end":{"line":1256,"column":39}},"119":{"start":{"line":1257,"column":4},"end":{"line":1257,"column":65}},"120":{"start":{"line":1258,"column":4},"end":{"line":1260,"column":5}},"121":{"start":{"line":1259,"column":6},"end":{"line":1259,"column":37}},"122":{"start":{"line":1273,"column":4},"end":{"line":1273,"column":73}},"123":{"start":{"line":1287,"column":4},"end":{"line":1287,"column":71}},"124":{"start":{"line":1296,"column":4},"end":{"line":1296,"column":81}},"125":{"start":{"line":1305,"column":4},"end":{"line":1305,"column":81}},"126":{"start":{"line":1310,"column":0},"end":{"line":1310,"column":65}},"127":{"start":{"line":1311,"column":0},"end":{"line":1311,"column":75}},"128":{"start":{"line":1312,"column":0},"end":{"line":1312,"column":75}},"129":{"start":{"line":1314,"column":0},"end":{"line":1314,"column":32}}},"branchMap":{"1":{"line":3,"type":"cond-expr","locations":[{"start":{"line":3,"column":70},"end":{"line":3,"column":73}},{"start":{"line":3,"column":76},"end":{"line":3,"column":94}}]},"2":{"line":3,"type":"binary-expr","locations":[{"start":{"line":3,"column":46},"end":{"line":3,"column":49}},{"start":{"line":3,"column":53},"end":{"line":3,"column":67}}]},"3":{"line":448,"type":"if","locations":[{"start":{"line":448,"column":4},"end":{"line":448,"column":4}},{"start":{"line":448,"column":4},"end":{"line":448,"column":4}}]},"4":{"line":451,"type":"if","locations":[{"start":{"line":451,"column":4},"end":{"line":451,"column":4}},{"start":{"line":451,"column":4},"end":{"line":451,"column":4}}]},"5":{"line":555,"type":"cond-expr","locations":[{"start":{"line":555,"column":36},"end":{"line":555,"column":51}},{"start":{"line":555,"column":54},"end":{"line":555,"column":113}}]},"6":{"line":650,"type":"cond-expr","locations":[{"start":{"line":650,"column":24},"end":{"line":650,"column":58}},{"start":{"line":650,"column":61},"end":{"line":650,"column":63}}]},"7":{"line":657,"type":"if","locations":[{"start":{"line":657,"column":6},"end":{"line":657,"column":6}},{"start":{"line":657,"column":6},"end":{"line":657,"column":6}}]},"8":{"line":657,"type":"binary-expr","locations":[{"start":{"line":657,"column":10},"end":{"line":657,"column":19}},{"start":{"line":657,"column":23},"end":{"line":657,"column":44}}]},"9":{"line":658,"type":"if","locations":[{"start":{"line":658,"column":8},"end":{"line":658,"column":8}},{"start":{"line":658,"column":8},"end":{"line":658,"column":8}}]},"10":{"line":671,"type":"if","locations":[{"start":{"line":671,"column":6},"end":{"line":671,"column":6}},{"start":{"line":671,"column":6},"end":{"line":671,"column":6}}]},"11":{"line":693,"type":"if","locations":[{"start":{"line":693,"column":6},"end":{"line":693,"column":6}},{"start":{"line":693,"column":6},"end":{"line":693,"column":6}}]},"12":{"line":703,"type":"if","locations":[{"start":{"line":703,"column":4},"end":{"line":703,"column":4}},{"start":{"line":703,"column":4},"end":{"line":703,"column":4}}]},"13":{"line":831,"type":"cond-expr","locations":[{"start":{"line":831,"column":62},"end":{"line":831,"column":71}},{"start":{"line":831,"column":74},"end":{"line":831,"column":85}}]},"14":{"line":912,"type":"if","locations":[{"start":{"line":912,"column":4},"end":{"line":912,"column":4}},{"start":{"line":912,"column":4},"end":{"line":912,"column":4}}]},"15":{"line":912,"type":"binary-expr","locations":[{"start":{"line":912,"column":8},"end":{"line":912,"column":19}},{"start":{"line":912,"column":23},"end":{"line":912,"column":46}}]},"16":{"line":913,"type":"binary-expr","locations":[{"start":{"line":913,"column":14},"end":{"line":913,"column":17}},{"start":{"line":913,"column":21},"end":{"line":913,"column":23}}]},"17":{"line":914,"type":"binary-expr","locations":[{"start":{"line":914,"column":16},"end":{"line":914,"column":46}},{"start":{"line":914,"column":50},"end":{"line":914,"column":52}}]},"18":{"line":917,"type":"cond-expr","locations":[{"start":{"line":917,"column":26},"end":{"line":917,"column":60}},{"start":{"line":917,"column":63},"end":{"line":917,"column":65}}]},"19":{"line":929,"type":"if","locations":[{"start":{"line":929,"column":6},"end":{"line":929,"column":6}},{"start":{"line":929,"column":6},"end":{"line":929,"column":6}}]},"20":{"line":929,"type":"binary-expr","locations":[{"start":{"line":929,"column":10},"end":{"line":929,"column":29}},{"start":{"line":929,"column":33},"end":{"line":929,"column":49}}]},"21":{"line":931,"type":"if","locations":[{"start":{"line":931,"column":8},"end":{"line":931,"column":8}},{"start":{"line":931,"column":8},"end":{"line":931,"column":8}}]},"22":{"line":942,"type":"if","locations":[{"start":{"line":942,"column":6},"end":{"line":942,"column":6}},{"start":{"line":942,"column":6},"end":{"line":942,"column":6}}]},"23":{"line":947,"type":"if","locations":[{"start":{"line":947,"column":6},"end":{"line":947,"column":6}},{"start":{"line":947,"column":6},"end":{"line":947,"column":6}}]},"24":{"line":947,"type":"binary-expr","locations":[{"start":{"line":947,"column":10},"end":{"line":947,"column":26}},{"start":{"line":947,"column":30},"end":{"line":947,"column":65}}]},"25":{"line":997,"type":"cond-expr","locations":[{"start":{"line":997,"column":52},"end":{"line":997,"column":69}},{"start":{"line":997,"column":72},"end":{"line":997,"column":89}}]},"26":{"line":998,"type":"cond-expr","locations":[{"start":{"line":998,"column":75},"end":{"line":998,"column":80}},{"start":{"line":998,"column":83},"end":{"line":998,"column":98}}]},"27":{"line":998,"type":"binary-expr","locations":[{"start":{"line":998,"column":36},"end":{"line":998,"column":55}},{"start":{"line":998,"column":59},"end":{"line":998,"column":72}}]},"28":{"line":1002,"type":"if","locations":[{"start":{"line":1002,"column":8},"end":{"line":1002,"column":8}},{"start":{"line":1002,"column":8},"end":{"line":1002,"column":8}}]},"29":{"line":1002,"type":"binary-expr","locations":[{"start":{"line":1002,"column":12},"end":{"line":1002,"column":31}},{"start":{"line":1002,"column":35},"end":{"line":1002,"column":50}}]},"30":{"line":1004,"type":"if","locations":[{"start":{"line":1004,"column":15},"end":{"line":1004,"column":15}},{"start":{"line":1004,"column":15},"end":{"line":1004,"column":15}}]},"31":{"line":1004,"type":"binary-expr","locations":[{"start":{"line":1004,"column":19},"end":{"line":1004,"column":38}},{"start":{"line":1004,"column":42},"end":{"line":1004,"column":52}}]},"32":{"line":1005,"type":"if","locations":[{"start":{"line":1005,"column":10},"end":{"line":1005,"column":10}},{"start":{"line":1005,"column":10},"end":{"line":1005,"column":10}}]},"33":{"line":1051,"type":"cond-expr","locations":[{"start":{"line":1051,"column":54},"end":{"line":1051,"column":69}},{"start":{"line":1051,"column":72},"end":{"line":1051,"column":87}}]},"34":{"line":1085,"type":"cond-expr","locations":[{"start":{"line":1085,"column":24},"end":{"line":1085,"column":58}},{"start":{"line":1085,"column":61},"end":{"line":1085,"column":63}}]},"35":{"line":1107,"type":"if","locations":[{"start":{"line":1107,"column":6},"end":{"line":1107,"column":6}},{"start":{"line":1107,"column":6},"end":{"line":1107,"column":6}}]},"36":{"line":1107,"type":"binary-expr","locations":[{"start":{"line":1107,"column":10},"end":{"line":1107,"column":25}},{"start":{"line":1107,"column":29},"end":{"line":1107,"column":39}}]},"37":{"line":1234,"type":"if","locations":[{"start":{"line":1234,"column":4},"end":{"line":1234,"column":4}},{"start":{"line":1234,"column":4},"end":{"line":1234,"column":4}}]},"38":{"line":1239,"type":"if","locations":[{"start":{"line":1239,"column":4},"end":{"line":1239,"column":4}},{"start":{"line":1239,"column":4},"end":{"line":1239,"column":4}}]},"39":{"line":1239,"type":"binary-expr","locations":[{"start":{"line":1239,"column":8},"end":{"line":1239,"column":18}},{"start":{"line":1239,"column":22},"end":{"line":1239,"column":29}}]},"40":{"line":1258,"type":"if","locations":[{"start":{"line":1258,"column":4},"end":{"line":1258,"column":4}},{"start":{"line":1258,"column":4},"end":{"line":1258,"column":4}}]},"41":{"line":1258,"type":"binary-expr","locations":[{"start":{"line":1258,"column":8},"end":{"line":1258,"column":19}},{"start":{"line":1258,"column":23},"end":{"line":1258,"column":45}}]}}},"/Users/Edward/Projects/bookshelf/lib/sync.js":{"path":"/Users/Edward/Projects/bookshelf/lib/sync.js","s":{"1":1,"2":1,"3":1,"4":883,"5":883,"6":883,"7":883,"8":883,"9":0,"10":883,"11":0,"12":1,"13":163,"14":163,"15":163,"16":175,"17":163,"18":213,"19":213,"20":213,"21":162,"22":162,"23":213,"24":213,"25":611,"26":611,"27":611,"28":312,"29":312,"30":42,"31":42,"32":42,"33":39,"34":39,"35":39,"36":39,"37":39,"38":39,"39":39,"40":572,"41":572,"42":572,"43":572,"44":569,"45":303,"46":266,"47":30,"48":266,"49":6,"50":260,"51":257,"52":569,"53":569,"54":566,"55":168,"56":168,"57":39,"58":39,"59":36,"60":39,"61":0,"62":39,"63":39,"64":39,"65":36,"66":39,"67":3,"68":36,"69":1},"b":{"1":[883,41],"2":[0,883],"3":[0,883],"4":[162,51],"5":[312,299],"6":[42,270],"7":[39,33],"8":[303,266],"9":[30,236],"10":[6,260],"11":[6,0],"12":[257,3],"13":[36,3],"14":[0,39],"15":[36,3],"16":[3,36]},"f":{"1":883,"2":163,"3":213,"4":611,"5":312,"6":39,"7":39,"8":39,"9":39,"10":39,"11":39,"12":572,"13":569,"14":566,"15":168,"16":39,"17":39},"fnMap":{"1":{"name":"Sync","line":13,"loc":{"start":{"line":13,"column":11},"end":{"line":13,"column":43}}},"2":{"name":"prefixFields","line":26,"loc":{"start":{"line":26,"column":16},"end":{"line":26,"column":46}}},"3":{"name":"(anonymous_3)","line":36,"loc":{"start":{"line":36,"column":24},"end":{"line":36,"column":46}}},"4":{"name":"(anonymous_4)","line":64,"loc":{"start":{"line":64,"column":28},"end":{"line":64,"column":40}}},"5":{"name":"(anonymous_5)","line":77,"loc":{"start":{"line":77,"column":43},"end":{"line":77,"column":55}}},"6":{"name":"(anonymous_6)","line":92,"loc":{"start":{"line":92,"column":96},"end":{"line":92,"column":108}}},"7":{"name":"(anonymous_7)","line":101,"loc":{"start":{"line":101,"column":24},"end":{"line":101,"column":42}}},"8":{"name":"(anonymous_8)","line":105,"loc":{"start":{"line":105,"column":35},"end":{"line":105,"column":47}}},"9":{"name":"(anonymous_9)","line":107,"loc":{"start":{"line":107,"column":12},"end":{"line":107,"column":24}}},"10":{"name":"(anonymous_10)","line":109,"loc":{"start":{"line":109,"column":12},"end":{"line":109,"column":24}}},"11":{"name":"(anonymous_11)","line":111,"loc":{"start":{"line":111,"column":12},"end":{"line":111,"column":28}}},"12":{"name":"(anonymous_12)","line":121,"loc":{"start":{"line":121,"column":25},"end":{"line":121,"column":37}}},"13":{"name":"(anonymous_13)","line":135,"loc":{"start":{"line":135,"column":49},"end":{"line":135,"column":61}}},"14":{"name":"(anonymous_14)","line":161,"loc":{"start":{"line":161,"column":12},"end":{"line":161,"column":24}}},"15":{"name":"(anonymous_15)","line":167,"loc":{"start":{"line":167,"column":25},"end":{"line":167,"column":37}}},"16":{"name":"(anonymous_16)","line":173,"loc":{"start":{"line":173,"column":25},"end":{"line":173,"column":42}}},"17":{"name":"(anonymous_17)","line":184,"loc":{"start":{"line":184,"column":22},"end":{"line":184,"column":34}}}},"statementMap":{"1":{"start":{"line":5,"column":0},"end":{"line":5,"column":26}},"2":{"start":{"line":6,"column":0},"end":{"line":6,"column":40}},"3":{"start":{"line":13,"column":0},"end":{"line":20,"column":2}},"4":{"start":{"line":14,"column":2},"end":{"line":14,"column":26}},"5":{"start":{"line":15,"column":2},"end":{"line":15,"column":31}},"6":{"start":{"line":16,"column":2},"end":{"line":16,"column":38}},"7":{"start":{"line":17,"column":2},"end":{"line":17,"column":25}},"8":{"start":{"line":18,"column":2},"end":{"line":18,"column":40}},"9":{"start":{"line":18,"column":21},"end":{"line":18,"column":40}},"10":{"start":{"line":19,"column":2},"end":{"line":19,"column":71}},"11":{"start":{"line":19,"column":27},"end":{"line":19,"column":71}},"12":{"start":{"line":22,"column":0},"end":{"line":194,"column":3}},"13":{"start":{"line":27,"column":4},"end":{"line":27,"column":43}},"14":{"start":{"line":28,"column":4},"end":{"line":28,"column":22}},"15":{"start":{"line":29,"column":4},"end":{"line":31,"column":5}},"16":{"start":{"line":30,"column":6},"end":{"line":30,"column":52}},"17":{"start":{"line":32,"column":4},"end":{"line":32,"column":20}},"18":{"start":{"line":38,"column":4},"end":{"line":41,"column":18}},"19":{"start":{"line":48,"column":4},"end":{"line":48,"column":58}},"20":{"start":{"line":50,"column":4},"end":{"line":55,"column":5}},"21":{"start":{"line":53,"column":6},"end":{"line":53,"column":67}},"22":{"start":{"line":54,"column":6},"end":{"line":54,"column":29}},"23":{"start":{"line":58,"column":4},"end":{"line":58,"column":19}},"24":{"start":{"line":60,"column":4},"end":{"line":60,"column":25}},"25":{"start":{"line":65,"column":4},"end":{"line":69,"column":16}},"26":{"start":{"line":73,"column":4},"end":{"line":73,"column":25}},"27":{"start":{"line":77,"column":4},"end":{"line":96,"column":7}},"28":{"start":{"line":77,"column":21},"end":{"line":96,"column":7}},"29":{"start":{"line":78,"column":6},"end":{"line":95,"column":7}},"30":{"start":{"line":79,"column":8},"end":{"line":79,"column":66}},"31":{"start":{"line":80,"column":8},"end":{"line":80,"column":53}},"32":{"start":{"line":92,"column":8},"end":{"line":94,"column":11}},"33":{"start":{"line":93,"column":10},"end":{"line":93,"column":77}},"34":{"start":{"line":102,"column":4},"end":{"line":103,"column":31}},"35":{"start":{"line":105,"column":4},"end":{"line":113,"column":7}},"36":{"start":{"line":106,"column":6},"end":{"line":106,"column":30}},"37":{"start":{"line":108,"column":6},"end":{"line":108,"column":73}},"38":{"start":{"line":110,"column":6},"end":{"line":110,"column":55}},"39":{"start":{"line":112,"column":6},"end":{"line":112,"column":27}},"40":{"start":{"line":122,"column":4},"end":{"line":122,"column":21}},"41":{"start":{"line":124,"column":4},"end":{"line":128,"column":16}},"42":{"start":{"line":133,"column":4},"end":{"line":133,"column":99}},"43":{"start":{"line":135,"column":4},"end":{"line":163,"column":7}},"44":{"start":{"line":138,"column":6},"end":{"line":155,"column":7}},"45":{"start":{"line":139,"column":8},"end":{"line":139,"column":53}},"46":{"start":{"line":143,"column":8},"end":{"line":143,"column":66}},"47":{"start":{"line":143,"column":31},"end":{"line":143,"column":66}},"48":{"start":{"line":145,"column":8},"end":{"line":154,"column":9}},"49":{"start":{"line":148,"column":10},"end":{"line":148,"column":85}},"50":{"start":{"line":149,"column":15},"end":{"line":154,"column":9}},"51":{"start":{"line":153,"column":10},"end":{"line":153,"column":66}},"52":{"start":{"line":159,"column":6},"end":{"line":159,"column":27}},"53":{"start":{"line":160,"column":6},"end":{"line":160,"column":84}},"54":{"start":{"line":162,"column":6},"end":{"line":162,"column":34}},"55":{"start":{"line":168,"column":4},"end":{"line":168,"column":31}},"56":{"start":{"line":169,"column":4},"end":{"line":169,"column":117}},"57":{"start":{"line":174,"column":4},"end":{"line":175,"column":27}},"58":{"start":{"line":176,"column":4},"end":{"line":176,"column":73}},"59":{"start":{"line":176,"column":28},"end":{"line":176,"column":73}},"60":{"start":{"line":177,"column":4},"end":{"line":179,"column":5}},"61":{"start":{"line":178,"column":6},"end":{"line":178,"column":95}},"62":{"start":{"line":180,"column":4},"end":{"line":180,"column":78}},"63":{"start":{"line":185,"column":4},"end":{"line":186,"column":31}},"64":{"start":{"line":187,"column":4},"end":{"line":187,"column":73}},"65":{"start":{"line":187,"column":28},"end":{"line":187,"column":73}},"66":{"start":{"line":188,"column":4},"end":{"line":190,"column":5}},"67":{"start":{"line":189,"column":6},"end":{"line":189,"column":97}},"68":{"start":{"line":191,"column":4},"end":{"line":191,"column":28}},"69":{"start":{"line":196,"column":0},"end":{"line":196,"column":22}}},"branchMap":{"1":{"line":14,"type":"binary-expr","locations":[{"start":{"line":14,"column":12},"end":{"line":14,"column":19}},{"start":{"line":14,"column":23},"end":{"line":14,"column":25}}]},"2":{"line":18,"type":"if","locations":[{"start":{"line":18,"column":2},"end":{"line":18,"column":2}},{"start":{"line":18,"column":2},"end":{"line":18,"column":2}}]},"3":{"line":19,"type":"if","locations":[{"start":{"line":19,"column":2},"end":{"line":19,"column":2}},{"start":{"line":19,"column":2},"end":{"line":19,"column":2}}]},"4":{"line":50,"type":"if","locations":[{"start":{"line":50,"column":4},"end":{"line":50,"column":4}},{"start":{"line":50,"column":4},"end":{"line":50,"column":4}}]},"5":{"line":77,"type":"if","locations":[{"start":{"line":77,"column":4},"end":{"line":77,"column":4}},{"start":{"line":77,"column":4},"end":{"line":77,"column":4}}]},"6":{"line":78,"type":"if","locations":[{"start":{"line":78,"column":6},"end":{"line":78,"column":6}},{"start":{"line":78,"column":6},"end":{"line":78,"column":6}}]},"7":{"line":110,"type":"binary-expr","locations":[{"start":{"line":110,"column":25},"end":{"line":110,"column":31}},{"start":{"line":110,"column":35},"end":{"line":110,"column":38}}]},"8":{"line":138,"type":"if","locations":[{"start":{"line":138,"column":6},"end":{"line":138,"column":6}},{"start":{"line":138,"column":6},"end":{"line":138,"column":6}}]},"9":{"line":143,"type":"if","locations":[{"start":{"line":143,"column":8},"end":{"line":143,"column":8}},{"start":{"line":143,"column":8},"end":{"line":143,"column":8}}]},"10":{"line":145,"type":"if","locations":[{"start":{"line":145,"column":8},"end":{"line":145,"column":8}},{"start":{"line":145,"column":8},"end":{"line":145,"column":8}}]},"11":{"line":148,"type":"cond-expr","locations":[{"start":{"line":148,"column":49},"end":{"line":148,"column":64}},{"start":{"line":148,"column":67},"end":{"line":148,"column":84}}]},"12":{"line":149,"type":"if","locations":[{"start":{"line":149,"column":15},"end":{"line":149,"column":15}},{"start":{"line":149,"column":15},"end":{"line":149,"column":15}}]},"13":{"line":176,"type":"if","locations":[{"start":{"line":176,"column":4},"end":{"line":176,"column":4}},{"start":{"line":176,"column":4},"end":{"line":176,"column":4}}]},"14":{"line":177,"type":"if","locations":[{"start":{"line":177,"column":4},"end":{"line":177,"column":4}},{"start":{"line":177,"column":4},"end":{"line":177,"column":4}}]},"15":{"line":187,"type":"if","locations":[{"start":{"line":187,"column":4},"end":{"line":187,"column":4}},{"start":{"line":187,"column":4},"end":{"line":187,"column":4}}]},"16":{"line":188,"type":"if","locations":[{"start":{"line":188,"column":4},"end":{"line":188,"column":4}},{"start":{"line":188,"column":4},"end":{"line":188,"column":4}}]}}},"/Users/Edward/Projects/bookshelf/lib/eager.js":{"path":"/Users/Edward/Projects/bookshelf/lib/eager.js","s":{"1":1,"2":1,"3":1,"4":1,"5":1,"6":1,"7":174,"8":1,"9":1,"10":186,"11":186,"12":6,"13":180,"14":15,"15":165,"16":165,"17":15,"18":15,"19":105,"20":105,"21":15,"22":30,"23":30,"24":30,"25":30,"26":30,"27":30,"28":15,"29":15,"30":195,"31":195,"32":195,"33":42,"34":42,"35":18,"36":18,"37":9,"38":9,"39":33,"40":18,"41":18,"42":18,"43":18,"44":9,"45":18,"46":1},"b":{"1":[6,180],"2":[15,165],"3":[42,63],"4":[105,42],"5":[12,18],"6":[30,12],"7":[42,153],"8":[195,180],"9":[18,24],"10":[9,9],"11":[9,9]},"f":{"1":174,"2":186,"3":165,"4":15,"5":105,"6":30,"7":30,"8":15,"9":195,"10":18,"11":18},"fnMap":{"1":{"name":"EagerRelation","line":16,"loc":{"start":{"line":16,"column":0},"end":{"line":16,"column":25}}},"2":{"name":"(anonymous_2)","line":25,"loc":{"start":{"line":25,"column":29},"end":{"line":25,"column":71}}},"3":{"name":"(anonymous_3)","line":33,"loc":{"start":{"line":33,"column":108},"end":{"line":33,"column":128}}},"4":{"name":"(anonymous_4)","line":41,"loc":{"start":{"line":41,"column":31},"end":{"line":41,"column":77}}},"5":{"name":"(anonymous_5)","line":44,"loc":{"start":{"line":44,"column":40},"end":{"line":44,"column":53}}},"6":{"name":"(anonymous_6)","line":48,"loc":{"start":{"line":48,"column":35},"end":{"line":48,"column":63}}},"7":{"name":"(anonymous_7)","line":52,"loc":{"start":{"line":52,"column":163},"end":{"line":52,"column":183}}},"8":{"name":"(anonymous_8)","line":59,"loc":{"start":{"line":59,"column":37},"end":{"line":59,"column":54}}},"9":{"name":"_eagerLoadHelper","line":65,"loc":{"start":{"line":65,"column":20},"end":{"line":65,"column":88}}},"10":{"name":"_filterRelated","line":86,"loc":{"start":{"line":86,"column":18},"end":{"line":86,"column":65}}},"11":{"name":"(anonymous_11)","line":90,"loc":{"start":{"line":90,"column":41},"end":{"line":90,"column":62}}}},"statementMap":{"1":{"start":{"line":5,"column":0},"end":{"line":5,"column":26}},"2":{"start":{"line":6,"column":0},"end":{"line":6,"column":35}},"3":{"start":{"line":8,"column":0},"end":{"line":8,"column":35}},"4":{"start":{"line":9,"column":0},"end":{"line":9,"column":40}},"5":{"start":{"line":10,"column":0},"end":{"line":10,"column":40}},"6":{"start":{"line":16,"column":0},"end":{"line":18,"column":1}},"7":{"start":{"line":17,"column":2},"end":{"line":17,"column":35}},"8":{"start":{"line":19,"column":0},"end":{"line":19,"column":35}},"9":{"start":{"line":21,"column":0},"end":{"line":99,"column":3}},"10":{"start":{"line":26,"column":4},"end":{"line":26,"column":42}},"11":{"start":{"line":29,"column":4},"end":{"line":29,"column":46}},"12":{"start":{"line":29,"column":39},"end":{"line":29,"column":46}},"13":{"start":{"line":31,"column":4},"end":{"line":31,"column":101}},"14":{"start":{"line":31,"column":40},"end":{"line":31,"column":101}},"15":{"start":{"line":33,"column":4},"end":{"line":35,"column":7}},"16":{"start":{"line":34,"column":6},"end":{"line":34,"column":103}},"17":{"start":{"line":42,"column":4},"end":{"line":42,"column":21}},"18":{"start":{"line":44,"column":4},"end":{"line":47,"column":7}},"19":{"start":{"line":45,"column":6},"end":{"line":45,"column":141}},"20":{"start":{"line":46,"column":6},"end":{"line":46,"column":32}},"21":{"start":{"line":48,"column":4},"end":{"line":58,"column":11}},"22":{"start":{"line":49,"column":6},"end":{"line":49,"column":73}},"23":{"start":{"line":50,"column":6},"end":{"line":50,"column":32}},"24":{"start":{"line":51,"column":6},"end":{"line":51,"column":137}},"25":{"start":{"line":52,"column":6},"end":{"line":56,"column":10}},"26":{"start":{"line":53,"column":8},"end":{"line":55,"column":20}},"27":{"start":{"line":57,"column":6},"end":{"line":57,"column":18}},"28":{"start":{"line":59,"column":4},"end":{"line":61,"column":7}},"29":{"start":{"line":60,"column":6},"end":{"line":60,"column":30}},"30":{"start":{"line":66,"column":4},"end":{"line":66,"column":73}},"31":{"start":{"line":67,"column":4},"end":{"line":67,"column":42}},"32":{"start":{"line":70,"column":4},"end":{"line":81,"column":5}},"33":{"start":{"line":71,"column":6},"end":{"line":71,"column":51}},"34":{"start":{"line":75,"column":6},"end":{"line":79,"column":7}},"35":{"start":{"line":76,"column":8},"end":{"line":76,"column":69}},"36":{"start":{"line":77,"column":8},"end":{"line":77,"column":45}},"37":{"start":{"line":77,"column":38},"end":{"line":77,"column":45}},"38":{"start":{"line":78,"column":8},"end":{"line":78,"column":70}},"39":{"start":{"line":80,"column":6},"end":{"line":80,"column":105}},"40":{"start":{"line":90,"column":4},"end":{"line":96,"column":11}},"41":{"start":{"line":91,"column":6},"end":{"line":94,"column":7}},"42":{"start":{"line":92,"column":8},"end":{"line":92,"column":36}},"43":{"start":{"line":93,"column":8},"end":{"line":93,"column":60}},"44":{"start":{"line":93,"column":45},"end":{"line":93,"column":60}},"45":{"start":{"line":95,"column":6},"end":{"line":95,"column":18}},"46":{"start":{"line":101,"column":0},"end":{"line":101,"column":31}}},"branchMap":{"1":{"line":29,"type":"if","locations":[{"start":{"line":29,"column":4},"end":{"line":29,"column":4}},{"start":{"line":29,"column":4},"end":{"line":29,"column":4}}]},"2":{"line":31,"type":"if","locations":[{"start":{"line":31,"column":4},"end":{"line":31,"column":4}},{"start":{"line":31,"column":4},"end":{"line":31,"column":4}}]},"3":{"line":45,"type":"cond-expr","locations":[{"start":{"line":45,"column":80},"end":{"line":45,"column":106}},{"start":{"line":45,"column":109},"end":{"line":45,"column":140}}]},"4":{"line":45,"type":"binary-expr","locations":[{"start":{"line":45,"column":24},"end":{"line":45,"column":47}},{"start":{"line":45,"column":51},"end":{"line":45,"column":77}}]},"5":{"line":51,"type":"cond-expr","locations":[{"start":{"line":51,"column":78},"end":{"line":51,"column":104}},{"start":{"line":51,"column":107},"end":{"line":51,"column":136}}]},"6":{"line":51,"type":"binary-expr","locations":[{"start":{"line":51,"column":22},"end":{"line":51,"column":45}},{"start":{"line":51,"column":49},"end":{"line":51,"column":75}}]},"7":{"line":70,"type":"if","locations":[{"start":{"line":70,"column":4},"end":{"line":70,"column":4}},{"start":{"line":70,"column":4},"end":{"line":70,"column":4}}]},"8":{"line":70,"type":"binary-expr","locations":[{"start":{"line":70,"column":8},"end":{"line":70,"column":27}},{"start":{"line":70,"column":31},"end":{"line":70,"column":50}}]},"9":{"line":75,"type":"if","locations":[{"start":{"line":75,"column":6},"end":{"line":75,"column":6}},{"start":{"line":75,"column":6},"end":{"line":75,"column":6}}]},"10":{"line":77,"type":"if","locations":[{"start":{"line":77,"column":8},"end":{"line":77,"column":8}},{"start":{"line":77,"column":8},"end":{"line":77,"column":8}}]},"11":{"line":93,"type":"if","locations":[{"start":{"line":93,"column":8},"end":{"line":93,"column":8}},{"start":{"line":93,"column":8},"end":{"line":93,"column":8}}]}}},"/Users/Edward/Projects/bookshelf/lib/base/eager.js":{"path":"/Users/Edward/Projects/bookshelf/lib/base/eager.js","s":{"1":1,"2":1,"3":1,"4":174,"5":174,"6":174,"7":1,"8":174,"9":174,"10":174,"11":174,"12":174,"13":174,"14":174,"15":198,"16":198,"17":198,"18":39,"19":39,"20":39,"21":39,"22":198,"23":3,"24":195,"25":6,"26":189,"27":189,"28":168,"29":168,"30":168,"31":186,"32":168,"33":174,"34":57,"35":174,"36":174,"37":201,"38":201,"39":159,"40":42,"41":174,"42":195,"43":195,"44":195,"45":195,"46":396,"47":195,"48":1,"49":1},"b":{"1":[39,159],"2":[39,36],"3":[3,195],"4":[6,189],"5":[186,36],"6":[57,117],"7":[159,42]},"f":{"1":174,"2":174,"3":174,"4":195,"5":192},"fnMap":{"1":{"name":"EagerBase","line":14,"loc":{"start":{"line":14,"column":0},"end":{"line":14,"column":51}}},"2":{"name":"(anonymous_2)","line":24,"loc":{"start":{"line":24,"column":24},"end":{"line":24,"column":43}}},"3":{"name":"prepWithRelated","line":82,"loc":{"start":{"line":82,"column":19},"end":{"line":82,"column":57}}},"4":{"name":"pushModels","line":98,"loc":{"start":{"line":98,"column":14},"end":{"line":98,"column":63}}},"5":{"name":"noop","line":110,"loc":{"start":{"line":110,"column":11},"end":{"line":110,"column":27}}}},"statementMap":{"1":{"start":{"line":11,"column":0},"end":{"line":11,"column":26}},"2":{"start":{"line":12,"column":0},"end":{"line":12,"column":35}},"3":{"start":{"line":14,"column":0},"end":{"line":18,"column":1}},"4":{"start":{"line":15,"column":2},"end":{"line":15,"column":23}},"5":{"start":{"line":16,"column":2},"end":{"line":16,"column":39}},"6":{"start":{"line":17,"column":2},"end":{"line":17,"column":23}},"7":{"start":{"line":20,"column":0},"end":{"line":108,"column":3}},"8":{"start":{"line":25,"column":4},"end":{"line":25,"column":30}},"9":{"start":{"line":26,"column":4},"end":{"line":26,"column":29}},"10":{"start":{"line":27,"column":4},"end":{"line":27,"column":36}},"11":{"start":{"line":28,"column":4},"end":{"line":28,"column":64}},"12":{"start":{"line":29,"column":4},"end":{"line":29,"column":24}},"13":{"start":{"line":32,"column":4},"end":{"line":32,"column":27}},"14":{"start":{"line":36,"column":4},"end":{"line":58,"column":5}},"15":{"start":{"line":37,"column":6},"end":{"line":37,"column":31}},"16":{"start":{"line":38,"column":6},"end":{"line":38,"column":32}},"17":{"start":{"line":41,"column":6},"end":{"line":46,"column":7}},"18":{"start":{"line":42,"column":8},"end":{"line":42,"column":28}},"19":{"start":{"line":43,"column":8},"end":{"line":43,"column":66}},"20":{"start":{"line":44,"column":8},"end":{"line":44,"column":66}},"21":{"start":{"line":45,"column":8},"end":{"line":45,"column":50}},"22":{"start":{"line":49,"column":6},"end":{"line":49,"column":42}},"23":{"start":{"line":49,"column":33},"end":{"line":49,"column":42}},"24":{"start":{"line":51,"column":6},"end":{"line":53,"column":7}},"25":{"start":{"line":52,"column":8},"end":{"line":52,"column":72}},"26":{"start":{"line":55,"column":6},"end":{"line":55,"column":44}},"27":{"start":{"line":57,"column":6},"end":{"line":57,"column":39}},"28":{"start":{"line":61,"column":4},"end":{"line":61,"column":27}},"29":{"start":{"line":66,"column":4},"end":{"line":66,"column":29}},"30":{"start":{"line":67,"column":4},"end":{"line":73,"column":5}},"31":{"start":{"line":68,"column":6},"end":{"line":72,"column":11}},"32":{"start":{"line":77,"column":4},"end":{"line":77,"column":71}},"33":{"start":{"line":83,"column":4},"end":{"line":83,"column":61}},"34":{"start":{"line":83,"column":33},"end":{"line":83,"column":61}},"35":{"start":{"line":84,"column":4},"end":{"line":84,"column":17}},"36":{"start":{"line":85,"column":4},"end":{"line":92,"column":5}},"37":{"start":{"line":86,"column":6},"end":{"line":86,"column":35}},"38":{"start":{"line":87,"column":6},"end":{"line":91,"column":7}},"39":{"start":{"line":88,"column":8},"end":{"line":88,"column":28}},"40":{"start":{"line":90,"column":8},"end":{"line":90,"column":31}},"41":{"start":{"line":93,"column":4},"end":{"line":93,"column":15}},"42":{"start":{"line":99,"column":4},"end":{"line":99,"column":29}},"43":{"start":{"line":100,"column":4},"end":{"line":100,"column":42}},"44":{"start":{"line":101,"column":4},"end":{"line":101,"column":21}},"45":{"start":{"line":102,"column":4},"end":{"line":104,"column":5}},"46":{"start":{"line":103,"column":6},"end":{"line":103,"column":53}},"47":{"start":{"line":105,"column":4},"end":{"line":105,"column":64}},"48":{"start":{"line":110,"column":0},"end":{"line":110,"column":30}},"49":{"start":{"line":112,"column":0},"end":{"line":112,"column":27}}},"branchMap":{"1":{"line":41,"type":"if","locations":[{"start":{"line":41,"column":6},"end":{"line":41,"column":6}},{"start":{"line":41,"column":6},"end":{"line":41,"column":6}}]},"2":{"line":43,"type":"binary-expr","locations":[{"start":{"line":43,"column":35},"end":{"line":43,"column":59}},{"start":{"line":43,"column":63},"end":{"line":43,"column":65}}]},"3":{"line":49,"type":"if","locations":[{"start":{"line":49,"column":6},"end":{"line":49,"column":6}},{"start":{"line":49,"column":6},"end":{"line":49,"column":6}}]},"4":{"line":51,"type":"if","locations":[{"start":{"line":51,"column":6},"end":{"line":51,"column":6}},{"start":{"line":51,"column":6},"end":{"line":51,"column":6}}]},"5":{"line":71,"type":"binary-expr","locations":[{"start":{"line":71,"column":19},"end":{"line":71,"column":44}},{"start":{"line":71,"column":48},"end":{"line":71,"column":52}}]},"6":{"line":83,"type":"if","locations":[{"start":{"line":83,"column":4},"end":{"line":83,"column":4}},{"start":{"line":83,"column":4},"end":{"line":83,"column":4}}]},"7":{"line":87,"type":"if","locations":[{"start":{"line":87,"column":6},"end":{"line":87,"column":6}},{"start":{"line":87,"column":6},"end":{"line":87,"column":6}}]}}},"/Users/Edward/Projects/bookshelf/lib/errors.js":{"path":"/Users/Edward/Projects/bookshelf/lib/errors.js","s":{"1":1,"2":1},"b":{},"f":{},"fnMap":{},"statementMap":{"1":{"start":{"line":3,"column":0},"end":{"line":3,"column":42}},"2":{"start":{"line":5,"column":0},"end":{"line":20,"column":2}}},"branchMap":{}},"/Users/Edward/Projects/bookshelf/lib/base/model.js":{"path":"/Users/Edward/Projects/bookshelf/lib/base/model.js","s":{"1":1,"2":1,"3":1,"4":1,"5":1,"6":1,"7":202097,"8":202097,"9":202097,"10":202097,"11":202097,"12":202097,"13":202097,"14":202097,"15":202097,"16":381,"17":202097,"18":202097,"19":1,"20":1,"21":1,"22":1,"23":1,"24":1081,"25":1,"26":202906,"27":0,"28":202906,"29":202906,"30":202858,"31":202858,"32":48,"33":202906,"34":202906,"35":202906,"36":202906,"37":202906,"38":201473,"39":202906,"40":405846,"41":405846,"42":405658,"43":188,"44":405846,"45":108,"46":405738,"47":202906,"48":1,"49":271,"50":1,"51":747,"52":747,"53":12,"54":735,"55":735,"56":303,"57":303,"58":735,"59":0,"60":735,"61":72,"62":72,"63":159,"64":735,"65":1,"66":747,"67":1,"68":200345,"69":1,"70":0,"71":1,"72":0,"73":1,"74":1010,"75":1,"76":0,"77":1,"78":36,"79":36,"80":108,"81":36,"82":1,"83":525,"84":1,"85":147,"86":1,"87":3,"88":3,"89":3,"90":3,"91":3,"92":3,"93":3,"94":1,"95":334,"96":334,"97":1,"98":63,"99":3,"100":60,"101":60,"102":60,"103":60,"104":60,"105":60,"106":60,"107":57,"108":60,"109":51,"110":60,"111":60,"112":1,"113":18,"114":15,"115":3,"116":1,"117":9,"118":1,"119":3,"120":1,"121":203417,"122":203417,"123":203417,"124":1,"125":1,"126":6,"127":0,"128":0,"129":0,"130":1,"131":1},"b":{"1":[202097,604],"2":[202097,201455],"3":[202097,0],"4":[381,201716],"5":[381,0],"6":[0,202906],"7":[202858,48],"8":[202906,180],"9":[201473,1433],"10":[405658,188],"11":[108,405738],"12":[12,735],"13":[747,18],"14":[303,0],"15":[0,735],"16":[735,6],"17":[72,663],"18":[147,51],"19":[51,0],"20":[334,328,84],"21":[334,250],"22":[202,48],"23":[3,60],"24":[9,51],"25":[57,3],"26":[51,9],"27":[60,57],"28":[15,3]},"f":{"1":202097,"2":201998,"3":1081,"4":202906,"5":271,"6":747,"7":747,"8":200345,"9":0,"10":0,"11":1010,"12":0,"13":36,"14":525,"15":147,"16":3,"17":334,"18":63,"19":18,"20":9,"21":3,"22":203417,"23":6,"24":0},"fnMap":{"1":{"name":"ModelBase","line":23,"loc":{"start":{"line":23,"column":0},"end":{"line":23,"column":40}}},"2":{"name":"(anonymous_2)","line":53,"loc":{"start":{"line":53,"column":33},"end":{"line":53,"column":45}}},"3":{"name":"(anonymous_3)","line":109,"loc":{"start":{"line":109,"column":26},"end":{"line":109,"column":42}}},"4":{"name":"(anonymous_4)","line":127,"loc":{"start":{"line":127,"column":26},"end":{"line":127,"column":55}}},"5":{"name":"(anonymous_5)","line":180,"loc":{"start":{"line":180,"column":28},"end":{"line":180,"column":40}}},"6":{"name":"(anonymous_6)","line":213,"loc":{"start":{"line":213,"column":32},"end":{"line":213,"column":51}}},"7":{"name":"(anonymous_7)","line":242,"loc":{"start":{"line":242,"column":29},"end":{"line":242,"column":48}}},"8":{"name":"(anonymous_8)","line":251,"loc":{"start":{"line":251,"column":31},"end":{"line":251,"column":43}}},"9":{"name":"(anonymous_9)","line":261,"loc":{"start":{"line":261,"column":29},"end":{"line":261,"column":44}}},"10":{"name":"(anonymous_10)","line":272,"loc":{"start":{"line":272,"column":26},"end":{"line":272,"column":42}}},"11":{"name":"(anonymous_11)","line":304,"loc":{"start":{"line":304,"column":28},"end":{"line":304,"column":44}}},"12":{"name":"(anonymous_12)","line":318,"loc":{"start":{"line":318,"column":28},"end":{"line":318,"column":53}}},"13":{"name":"(anonymous_13)","line":327,"loc":{"start":{"line":327,"column":28},"end":{"line":327,"column":47}}},"14":{"name":"(anonymous_14)","line":345,"loc":{"start":{"line":345,"column":29},"end":{"line":345,"column":46}}},"15":{"name":"(anonymous_15)","line":373,"loc":{"start":{"line":373,"column":30},"end":{"line":373,"column":46}}},"16":{"name":"(anonymous_16)","line":386,"loc":{"start":{"line":386,"column":28},"end":{"line":386,"column":40}}},"17":{"name":"(anonymous_17)","line":409,"loc":{"start":{"line":409,"column":33},"end":{"line":409,"column":52}}},"18":{"name":"(anonymous_18)","line":432,"loc":{"start":{"line":432,"column":32},"end":{"line":432,"column":51}}},"19":{"name":"(anonymous_19)","line":469,"loc":{"start":{"line":469,"column":33},"end":{"line":469,"column":49}}},"20":{"name":"(anonymous_20)","line":484,"loc":{"start":{"line":484,"column":31},"end":{"line":484,"column":52}}},"21":{"name":"(anonymous_21)","line":499,"loc":{"start":{"line":499,"column":41},"end":{"line":499,"column":53}}},"22":{"name":"(anonymous_22)","line":513,"loc":{"start":{"line":513,"column":29},"end":{"line":513,"column":41}}},"23":{"name":"(anonymous_23)","line":547,"loc":{"start":{"line":547,"column":21},"end":{"line":547,"column":39}}},"24":{"name":"(anonymous_24)","line":548,"loc":{"start":{"line":548,"column":32},"end":{"line":548,"column":44}}}},"statementMap":{"1":{"start":{"line":5,"column":0},"end":{"line":5,"column":26}},"2":{"start":{"line":6,"column":0},"end":{"line":6,"column":35}},"3":{"start":{"line":8,"column":0},"end":{"line":8,"column":33}},"4":{"start":{"line":9,"column":0},"end":{"line":9,"column":34}},"5":{"start":{"line":12,"column":0},"end":{"line":12,"column":48}},"6":{"start":{"line":23,"column":0},"end":{"line":36,"column":1}},"7":{"start":{"line":24,"column":2},"end":{"line":24,"column":31}},"8":{"start":{"line":25,"column":2},"end":{"line":25,"column":26}},"9":{"start":{"line":26,"column":2},"end":{"line":26,"column":40}},"10":{"start":{"line":27,"column":2},"end":{"line":27,"column":16}},"11":{"start":{"line":28,"column":2},"end":{"line":28,"column":22}},"12":{"start":{"line":29,"column":2},"end":{"line":29,"column":29}},"13":{"start":{"line":30,"column":2},"end":{"line":33,"column":3}},"14":{"start":{"line":31,"column":4},"end":{"line":31,"column":48}},"15":{"start":{"line":32,"column":4},"end":{"line":32,"column":64}},"16":{"start":{"line":32,"column":23},"end":{"line":32,"column":64}},"17":{"start":{"line":34,"column":2},"end":{"line":34,"column":27}},"18":{"start":{"line":35,"column":2},"end":{"line":35,"column":41}},"19":{"start":{"line":37,"column":0},"end":{"line":37,"column":28}},"20":{"start":{"line":53,"column":0},"end":{"line":53,"column":48}},"21":{"start":{"line":84,"column":0},"end":{"line":84,"column":39}},"22":{"start":{"line":99,"column":0},"end":{"line":99,"column":42}},"23":{"start":{"line":109,"column":0},"end":{"line":111,"column":2}},"24":{"start":{"line":110,"column":2},"end":{"line":110,"column":31}},"25":{"start":{"line":127,"column":0},"end":{"line":163,"column":2}},"26":{"start":{"line":128,"column":2},"end":{"line":128,"column":31}},"27":{"start":{"line":128,"column":19},"end":{"line":128,"column":31}},"28":{"start":{"line":129,"column":2},"end":{"line":129,"column":12}},"29":{"start":{"line":132,"column":2},"end":{"line":137,"column":3}},"30":{"start":{"line":133,"column":4},"end":{"line":133,"column":16}},"31":{"start":{"line":134,"column":4},"end":{"line":134,"column":18}},"32":{"start":{"line":136,"column":4},"end":{"line":136,"column":28}},"33":{"start":{"line":138,"column":2},"end":{"line":138,"column":35}},"34":{"start":{"line":141,"column":2},"end":{"line":141,"column":28}},"35":{"start":{"line":142,"column":2},"end":{"line":142,"column":32}},"36":{"start":{"line":143,"column":2},"end":{"line":143,"column":38}},"37":{"start":{"line":146,"column":2},"end":{"line":146,"column":67}},"38":{"start":{"line":146,"column":33},"end":{"line":146,"column":67}},"39":{"start":{"line":149,"column":2},"end":{"line":161,"column":3}},"40":{"start":{"line":150,"column":4},"end":{"line":150,"column":22}},"41":{"start":{"line":151,"column":4},"end":{"line":155,"column":5}},"42":{"start":{"line":152,"column":6},"end":{"line":152,"column":31}},"43":{"start":{"line":154,"column":6},"end":{"line":154,"column":32}},"44":{"start":{"line":156,"column":4},"end":{"line":160,"column":5}},"45":{"start":{"line":157,"column":6},"end":{"line":157,"column":27}},"46":{"start":{"line":159,"column":6},"end":{"line":159,"column":26}},"47":{"start":{"line":162,"column":2},"end":{"line":162,"column":14}},"48":{"start":{"line":180,"column":0},"end":{"line":182,"column":2}},"49":{"start":{"line":181,"column":2},"end":{"line":181,"column":25}},"50":{"start":{"line":213,"column":0},"end":{"line":229,"column":2}},"51":{"start":{"line":214,"column":2},"end":{"line":214,"column":39}},"52":{"start":{"line":215,"column":2},"end":{"line":215,"column":47}},"53":{"start":{"line":215,"column":34},"end":{"line":215,"column":47}},"54":{"start":{"line":216,"column":2},"end":{"line":216,"column":33}},"55":{"start":{"line":217,"column":2},"end":{"line":220,"column":3}},"56":{"start":{"line":218,"column":4},"end":{"line":218,"column":34}},"57":{"start":{"line":219,"column":4},"end":{"line":219,"column":71}},"58":{"start":{"line":221,"column":2},"end":{"line":221,"column":49}},"59":{"start":{"line":221,"column":36},"end":{"line":221,"column":49}},"60":{"start":{"line":222,"column":2},"end":{"line":227,"column":3}},"61":{"start":{"line":223,"column":4},"end":{"line":223,"column":38}},"62":{"start":{"line":224,"column":4},"end":{"line":226,"column":5}},"63":{"start":{"line":225,"column":6},"end":{"line":225,"column":42}},"64":{"start":{"line":228,"column":2},"end":{"line":228,"column":15}},"65":{"start":{"line":242,"column":0},"end":{"line":244,"column":2}},"66":{"start":{"line":243,"column":2},"end":{"line":243,"column":33}},"
[...]
":7}},"12":{"start":{"line":22,"column":8},"end":{"line":22,"column":62}},"13":{"start":{"line":24,"column":6},"end":{"line":24,"column":37}},"14":{"start":{"line":26,"column":4},"end":{"line":26,"column":80}},"15":{"start":{"line":28,"column":2},"end":{"line":38,"column":4}},"16":{"start":{"line":29,"column":4},"end":{"line":29,"column":65}},"17":{"start":{"line":30,"column":4},"end":{"line":36,"column":5}},"18":{"start":{"line":31,"column":6},"end":{"line":31,"column":48}},"19":{"start":{"line":32,"column":6},"end":{"line":34,"column":7}},"20":{"start":{"line":33,"column":8},"end":{"line":33,"column":77}},"21":{"start":{"line":35,"column":6},"end":{"line":35,"column":47}},"22":{"start":{"line":37,"column":4},"end":{"line":37,"column":90}},"23":{"start":{"line":41,"column":2},"end":{"line":41,"column":56}},"24":{"start":{"line":41,"column":39},"end":{"line":41,"column":53}},"25":{"start":{"line":47,"column":2},"end":{"line":54,"column":3}},"26":{"start":{"line":48,"column":4},"end":{"line":52,"column":5}},"27":{"start":{"line":49,"column":6},"end":{"line":51,"column":11}},"28":{"start":{"line":50,"column":8},"end":{"line":50,"column":99}},"29":{"start":{"line":53,"column":4},"end":{"line":53,"column":17}},"30":{"start":{"line":56,"column":2},"end":{"line":56,"column":30}},"31":{"start":{"line":57,"column":2},"end":{"line":57,"column":40}},"32":{"start":{"line":60,"column":2},"end":{"line":66,"column":5}},"33":{"start":{"line":61,"column":4},"end":{"line":61,"column":43}},"34":{"start":{"line":62,"column":4},"end":{"line":65,"column":6}},"35":{"start":{"line":64,"column":6},"end":{"line":64,"column":84}},"36":{"start":{"line":70,"column":2},"end":{"line":70,"column":40}},"37":{"start":{"line":71,"column":2},"end":{"line":75,"column":4}},"38":{"start":{"line":72,"column":4},"end":{"line":74,"column":15}},"39":{"start":{"line":73,"column":6},"end":{"line":73,"column":33}},"40":{"start":{"line":78,"column":2},"end":{"line":78,"column":55}},"41":{"start":{"line":79,"column":2},"end":{"line":81,"column":4}},"42":{"start":{"line":80,"column":4},"end":{"line":80,"column":91}}},"branchMap":{"1":{"line":10,"type":"if","locations":[{"start":{"line":10,"column":4},"end":{"line":10,"column":4}},{"start":{"line":10,"column":4},"end":{"line":10,"column":4}}]},"2":{"line":13,"type":"binary-expr","locations":[{"start":{"line":13,"column":23},"end":{"line":13,"column":41}},{"start":{"line":13,"column":45},"end":{"line":13,"column":47}}]},"3":{"line":18,"type":"binary-expr","locations":[{"start":{"line":18,"column":19},"end":{"line":18,"column":31}},{"start":{"line":18,"column":35},"end":{"line":18,"column":54}}]},"4":{"line":19,"type":"if","locations":[{"start":{"line":19,"column":4},"end":{"line":19,"column":4}},{"start":{"line":19,"column":4},"end":{"line":19,"column":4}}]},"5":{"line":21,"type":"if","locations":[{"start":{"line":21,"column":6},"end":{"line":21,"column":6}},{"start":{"line":21,"column":6},"end":{"line":21,"column":6}}]},"6":{"line":26,"type":"binary-expr","locations":[{"start":{"line":26,"column":33},"end":{"line":26,"column":51}},{"start":{"line":26,"column":55},"end":{"line":26,"column":78}}]},"7":{"line":29,"type":"binary-expr","locations":[{"start":{"line":29,"column":24},"end":{"line":29,"column":41}},{"start":{"line":29,"column":45},"end":{"line":29,"column":64}}]},"8":{"line":30,"type":"if","locations":[{"start":{"line":30,"column":4},"end":{"line":30,"column":4}},{"start":{"line":30,"column":4},"end":{"line":30,"column":4}}]},"9":{"line":32,"type":"if","locations":[{"start":{"line":32,"column":6},"end":{"line":32,"column":6}},{"start":{"line":32,"column":6},"end":{"line":32,"column":6}}]},"10":{"line":37,"type":"binary-expr","locations":[{"start":{"line":37,"column":38},"end":{"line":37,"column":61}},{"start":{"line":37,"column":65},"end":{"line":37,"column":88}}]},"11":{"line":48,"type":"if","locations":[{"start":{"line":48,"column":4},"end":{"line":48,"column":4}},{"start":{"line":48,"column":4},"end":{"line":48,"column":4}}]},"12":{"line":49,"type":"binary-expr","locations":[{"start":{"line":49,"column":13},"end":{"line":49,"column":40}},{"start":{"line":49,"column":44},"end":{"line":49,"column":66}},{"start":{"line":49,"column":70},"end":{"line":51,"column":10}}]}}},"/Users/Edward/Projects/bookshelf/plugins/virtuals.js":{"path":"/Users/Edward/Projects/bookshelf/plugins/virtuals.js","s":{"1":1,"2":3,"3":3,"4":3,"5":3,"6":78,"7":78,"8":78,"9":39,"10":42,"11":42,"12":21,"13":21,"14":21,"15":42,"16":21,"17":21,"18":18,"19":15,"20":21,"21":159,"22":159,"23":6,"24":153,"25":147,"26":0,"27":147,"28":147,"29":108,"30":108,"31":3,"32":108,"33":39,"34":6,"35":33,"36":6,"37":33,"38":15,"39":15,"40":15,"41":15,"42":0,"43":0,"44":15,"45":15,"46":9,"47":9,"48":9,"49":15,"50":6,"51":6,"52":3,"53":9,"54":12,"55":3,"56":3,"57":18,"58":18,"59":18,"60":18,"61":1,"62":33,"63":33,"64":33,"65":1,"66":33,"67":33,"68":24,"69":27,"70":33,"71":1,"72":228,"73":228,"74":24,"75":18,"76":21,"77":3},"b":{"1":[39,39],"2":[21,21],"3":[21,0],"4":[18,3],"5":[21,6],"6":[15,3],"7":[18,3,15],"8":[6,153],"9":[159,156],"10":[0,147],"11":[108,39],"12":[3,105],"13":[6,33],"14":[6,27],"15":[15,0],"16":[15,9],"17":[15,9,6],"18":[15,6],"19":[0,0],"20":[9,6],"21":[15,9],"22":[6,6],"23":[33,0],"24":[33,33],"25":[9,24],"26":[24,9],"27":[228,198],"28":[24,204],"29":[18,6]},"f":{"1":3,"2":78,"3":21,"4":159,"5":147,"6":15,"7":15,"8":18,"9":18,"10":33,"11":33,"12":228},"fnMap":{"1":{"name":"(anonymous_1)","line":4,"loc":{"start":{"line":4,"column":17},"end":{"line":4,"column":38}}},"2":{"name":"(anonymous_2)","line":15,"loc":{"start":{"line":15,"column":17},"end":{"line":15,"column":48}}},"3":{"name":"(anonymous_3)","line":39,"loc":{"start":{"line":39,"column":12},"end":{"line":39,"column":30}}},"4":{"name":"(anonymous_4)","line":50,"loc":{"start":{"line":50,"column":9},"end":{"line":50,"column":25}}},"5":{"name":"(anonymous_5)","line":59,"loc":{"start":{"line":59,"column":9},"end":{"line":59,"column":39}}},"6":{"name":"(anonymous_6)","line":94,"loc":{"start":{"line":94,"column":10},"end":{"line":94,"column":40}}},"7":{"name":"(anonymous_7)","line":123,"loc":{"start":{"line":123,"column":26},"end":{"line":123,"column":48}}},"8":{"name":"(anonymous_8)","line":151,"loc":{"start":{"line":151,"column":23},"end":{"line":151,"column":40}}},"9":{"name":"(anonymous_9)","line":152,"loc":{"start":{"line":152,"column":30},"end":{"line":152,"column":41}}},"10":{"name":"getVirtual","line":159,"loc":{"start":{"line":159,"column":2},"end":{"line":159,"column":42}}},"11":{"name":"getVirtuals","line":167,"loc":{"start":{"line":167,"column":2},"end":{"line":167,"column":30}}},"12":{"name":"setVirtual","line":177,"loc":{"start":{"line":177,"column":2},"end":{"line":177,"column":34}}}},"statementMap":{"1":{"start":{"line":4,"column":0},"end":{"line":188,"column":2}},"2":{"start":{"line":6,"column":2},"end":{"line":6,"column":36}},"3":{"start":{"line":7,"column":2},"end":{"line":7,"column":38}},"4":{"start":{"line":8,"column":2},"end":{"line":8,"column":44}},"5":{"start":{"line":10,"column":2},"end":{"line":145,"column":5}},"6":{"start":{"line":16,"column":6},"end":{"line":16,"column":47}},"7":{"start":{"line":17,"column":6},"end":{"line":17,"column":35}},"8":{"start":{"line":18,"column":6},"end":{"line":33,"column":7}},"9":{"start":{"line":19,"column":8},"end":{"line":32,"column":9}},"10":{"start":{"line":20,"column":10},"end":{"line":20,"column":29}},"11":{"start":{"line":21,"column":10},"end":{"line":26,"column":11}},"12":{"start":{"line":22,"column":12},"end":{"line":22,"column":47}},"13":{"start":{"line":23,"column":12},"end":{"line":23,"column":87}},"14":{"start":{"line":25,"column":12},"end":{"line":25,"column":43}},"15":{"start":{"line":27,"column":10},"end":{"line":31,"column":13}},"16":{"start":{"line":40,"column":6},"end":{"line":40,"column":51}},"17":{"start":{"line":41,"column":6},"end":{"line":45,"column":7}},"18":{"start":{"line":42,"column":8},"end":{"line":44,"column":9}},"19":{"start":{"line":43,"column":10},"end":{"line":43,"column":53}},"20":{"start":{"line":46,"column":6},"end":{"line":46,"column":19}},"21":{"start":{"line":51,"column":6},"end":{"line":51,"column":35}},"22":{"start":{"line":52,"column":6},"end":{"line":54,"column":7}},"23":{"start":{"line":53,"column":8},"end":{"line":53,"column":38}},"24":{"start":{"line":55,"column":6},"end":{"line":55,"column":46}},"25":{"start":{"line":61,"column":6},"end":{"line":63,"column":7}},"26":{"start":{"line":62,"column":8},"end":{"line":62,"column":20}},"27":{"start":{"line":67,"column":6},"end":{"line":67,"column":52}},"28":{"start":{"line":70,"column":6},"end":{"line":77,"column":7}},"29":{"start":{"line":71,"column":8},"end":{"line":71,"column":56}},"30":{"start":{"line":72,"column":8},"end":{"line":74,"column":9}},"31":{"start":{"line":73,"column":10},"end":{"line":73,"column":54}},"32":{"start":{"line":76,"column":8},"end":{"line":76,"column":65}},"33":{"start":{"line":80,"column":6},"end":{"line":82,"column":7}},"34":{"start":{"line":81,"column":8},"end":{"line":81,"column":20}},"35":{"start":{"line":86,"column":6},"end":{"line":88,"column":7}},"36":{"start":{"line":87,"column":8},"end":{"line":87,"column":42}},"37":{"start":{"line":90,"column":6},"end":{"line":90,"column":46}},"38":{"start":{"line":95,"column":6},"end":{"line":95,"column":16}},"39":{"start":{"line":98,"column":6},"end":{"line":104,"column":7}},"40":{"start":{"line":99,"column":8},"end":{"line":99,"column":42}},"41":{"start":{"line":100,"column":8},"end":{"line":100,"column":39}},"42":{"start":{"line":102,"column":8},"end":{"line":102,"column":34}},"43":{"start":{"line":103,"column":8},"end":{"line":103,"column":50}},"44":{"start":{"line":107,"column":6},"end":{"line":107,"column":61}},"45":{"start":{"line":110,"column":6},"end":{"line":141,"column":7}},"46":{"start":{"line":115,"column":9},"end":{"line":115,"column":34}},"47":{"start":{"line":118,"column":9},"end":{"line":140,"column":10}},"48":{"start":{"line":123,"column":11},"end":{"line":131,"column":26}},"49":{"start":{"line":125,"column":13},"end":{"line":129,"column":14}},"50":{"start":{"line":128,"column":15},"end":{"line":128,"column":33}},"51":{"start":{"line":134,"column":11},"end":{"line":134,"column":49}},"52":{"start":{"line":136,"column":11},"end":{"line":136,"column":36}},"53":{"start":{"line":139,"column":11},"end":{"line":139,"column":39}},"54":{"start":{"line":143,"column":6},"end":{"line":143,"column":51}},"55":{"start":{"line":148,"column":2},"end":{"line":148,"column":75}},"56":{"start":{"line":151,"column":2},"end":{"line":157,"column":5}},"57":{"start":{"line":152,"column":4},"end":{"line":156,"column":6}},"58":{"start":{"line":153,"column":6},"end":{"line":153,"column":38}},"59":{"start":{"line":154,"column":6},"end":{"line":154,"column":69}},"60":{"start":{"line":155,"column":6},"end":{"line":155,"column":38}},"61":{"start":{"line":159,"column":2},"end":{"line":165,"column":3}},"62":{"start":{"line":160,"column":4},"end":{"line":160,"column":34}},"63":{"start":{"line":161,"column":4},"end":{"line":164,"column":5}},"64":{"start":{"line":162,"column":6},"end":{"line":163,"column":44}},"65":{"start":{"line":167,"column":2},"end":{"line":175,"column":3}},"66":{"start":{"line":168,"column":4},"end":{"line":168,"column":29}},"67":{"start":{"line":169,"column":4},"end":{"line":173,"column":5}},"68":{"start":{"line":170,"column":6},"end":{"line":172,"column":7}},"69":{"start":{"line":171,"column":8},"end":{"line":171,"column":60}},"70":{"start":{"line":174,"column":4},"end":{"line":174,"column":17}},"71":{"start":{"line":177,"column":2},"end":{"line":185,"column":3}},"72":{"start":{"line":178,"column":4},"end":{"line":178,"column":54}},"73":{"start":{"line":179,"column":4},"end":{"line":184,"column":5}},"74":{"start":{"line":180,"column":6},"end":{"line":182,"column":7}},"75":{"start":{"line":181,"column":8},"end":{"line":181,"column":38}},"76":{"start":{"line":183,"column":6},"end":{"line":183,"column":18}},"77":{"start":{"line":187,"column":2},"end":{"line":187,"column":26}}},"branchMap":{"1":{"line":18,"type":"if","locations":[{"start":{"line":18,"column":6},"end":{"line":18,"column":6}},{"start":{"line":18,"column":6},"end":{"line":18,"column":6}}]},"2":{"line":21,"type":"if","locations":[{"start":{"line":21,"column":10},"end":{"line":21,"column":10}},{"start":{"line":21,"column":10},"end":{"line":21,"column":10}}]},"3":{"line":23,"type":"cond-expr","locations":[{"start":{"line":23,"column":49},"end":{"line":23,"column":74}},{"start":{"line":23,"column":77},"end":{"line":23,"column":86}}]},"4":{"line":41,"type":"if","locations":[{"start":{"line":41,"column":6},"end":{"line":41,"column":6}},{"start":{"line":41,"column":6},"end":{"line":41,"column":6}}]},"5":{"line":41,"type":"binary-expr","locations":[{"start":{"line":41,"column":10},"end":{"line":41,"column":18}},{"start":{"line":41,"column":22},"end":{"line":41,"column":48}}]},"6":{"line":42,"type":"if","locations":[{"start":{"line":42,"column":8},"end":{"line":42,"column":8}},{"start":{"line":42,"column":8},"end":{"line":42,"column":8}}]},"7":{"line":42,"type":"binary-expr","locations":[{"start":{"line":42,"column":13},"end":{"line":42,"column":20}},{"start":{"line":42,"column":24},"end":{"line":42,"column":49}},{"start":{"line":42,"column":54},"end":{"line":42,"column":73}}]},"8":{"line":52,"type":"if","locations":[{"start":{"line":52,"column":6},"end":{"line":52,"column":6}},{"start":{"line":52,"column":6},"end":{"line":52,"column":6}}]},"9":{"line":52,"type":"binary-expr","locations":[{"start":{"line":52,"column":10},"end":{"line":52,"column":30}},{"start":{"line":52,"column":34},"end":{"line":52,"column":48}}]},"10":{"line":61,"type":"if","locations":[{"start":{"line":61,"column":6},"end":{"line":61,"column":6}},{"start":{"line":61,"column":6},"end":{"line":61,"column":6}}]},"11":{"line":70,"type":"if","locations":[{"start":{"line":70,"column":6},"end":{"line":70,"column":6}},{"start":{"line":70,"column":6},"end":{"line":70,"column":6}}]},"12":{"line":72,"type":"if","locations":[{"start":{"line":72,"column":8},"end":{"line":72,"column":8}},{"start":{"line":72,"column":8},"end":{"line":72,"column":8}}]},"13":{"line":80,"type":"if","locations":[{"start":{"line":80,"column":6},"end":{"line":80,"column":6}},{"start":{"line":80,"column":6},"end":{"line":80,"column":6}}]},"14":{"line":86,"type":"if","locations":[{"start":{"line":86,"column":6},"end":{"line":86,"column":6}},{"start":{"line":86,"column":6},"end":{"line":86,"column":6}}]},"15":{"line":98,"type":"if","locations":[{"start":{"line":98,"column":6},"end":{"line":98,"column":6}},{"start":{"line":98,"column":6},"end":{"line":98,"column":6}}]},"16":{"line":98,"type":"binary-expr","locations":[{"start":{"line":98,"column":10},"end":{"line":98,"column":21}},{"start":{"line":98,"column":25},"end":{"line":98,"column":48}}]},"17":{"line":99,"type":"binary-expr","locations":[{"start":{"line":99,"column":16},"end":{"line":99,"column":19}},{"start":{"line":99,"column":23},"end":{"line":99,"column":35}},{"start":{"line":99,"column":39},"end":{"line":99,"column":41}}]},"18":{"line":100,"type":"binary-expr","locations":[{"start":{"line":100,"column":18},"end":{"line":100,"column":32}},{"start":{"line":100,"column":36},"end":{"line":100,"column":38}}]},"19":{"line":103,"type":"cond-expr","locations":[{"start":{"line":103,"column":28},"end":{"line":103,"column":44}},{"start":{"line":103,"column":47},"end":{"line":103,"column":49}}]},"20":{"line":110,"type":"if","locations":[{"start":{"line":110,"column":6},"end":{"line":110,"column":6}},{"start":{"line":110,"column":6},"end":{"line":110,"column":6}}]},"21":{"line":110,"type":"binary-expr","locations":[{"start":{"line":110,"column":10},"end":{"line":110,"column":37}},{"start":{"line":110,"column":41},"end":{"line":110,"column":54}}]},"22":{"line":125,"type":"if","locations":[{"start":{"line":125,"column":13},"end":{"line":125,"column":13}},{"start":{"line":125,"column":13},"end":{"line":125,"column":13}}]},"23":{"line":161,"type":"if","locations":[{"start":{"line":161,"column":4},"end":{"line":161,"column":4}},{"start":{"line":161,"column":4},"end":{"line":161,"column":4}}]},"24":{"line":161,"type":"binary-expr","locations":[{"start":{"line":161,"column":8},"end":{"line":161,"column":28}},{"start":{"line":161,"column":32},"end":{"line":161,"column":53}}]},"25":{"line":162,"type":"cond-expr","locations":[{"start":{"line":162,"column":41},"end":{"line":162,"column":78}},{"start":{"line":163,"column":10},"end":{"line":163,"column":43}}]},"26":{"line":169,"type":"if","locations":[{"start":{"line":169,"column":4},"end":{"line":169,"column":4}},{"start":{"line":169,"column":4},"end":{"line":169,"column":4}}]},"27":{"line":178,"type":"binary-expr","locations":[{"start":{"line":178,"column":18},"end":{"line":178,"column":31}},{"start":{"line":178,"column":35},"end":{"line":178,"column":53}}]},"28":{"line":179,"type":"if","locations":[{"start":{"line":179,"column":4},"end":{"line":179,"column":4}},{"start":{"line":179,"column":4},"end":{"line":179,"column":4}}]},"29":{"line":180,"type":"if","locations":[{"start":{"line":180,"column":6},"end":{"line":180,"column":6}},{"start":{"line":180,"column":6},"end":{"line":180,"column":6}}]}}},"/Users/Edward/Projects/bookshelf/plugins/visibility.js":{"path":"/Users/Edward/Projects/bookshelf/plugins/visibility.js","s":{"1":1,"2":3,"3":3,"4":3,"5":3,"6":36,"7":36,"8":36,"9":0,"10":36,"11":0,"12":9,"13":9,"14":6,"15":9,"16":6,"17":9,"18":3},"b":{"1":[36,36],"2":[0,36],"3":[0,36],"4":[6,3],"5":[6,3]},"f":{"1":3,"2":36,"3":9},"fnMap":{"1":{"name":"(anonymous_1)","line":4,"loc":{"start":{"line":4,"column":17},"end":{"line":4,"column":37}}},"2":{"name":"(anonymous_2)","line":20,"loc":{"start":{"line":20,"column":17},"end":{"line":20,"column":28}}},"3":{"name":"(anonymous_3)","line":33,"loc":{"start":{"line":33,"column":12},"end":{"line":33,"column":23}}}},"statementMap":{"1":{"start":{"line":4,"column":0},"end":{"line":47,"column":2}},"2":{"start":{"line":6,"column":2},"end":{"line":6,"column":33}},"3":{"start":{"line":7,"column":2},"end":{"line":7,"column":41}},"4":{"start":{"line":8,"column":2},"end":{"line":8,"column":28}},"5":{"start":{"line":10,"column":2},"end":{"line":44,"column":5}},"6":{"start":{"line":21,"column":6},"end":{"line":21,"column":47}},"7":{"start":{"line":22,"column":6},"end":{"line":22,"column":39}},"8":{"start":{"line":23,"column":6},"end":{"line":25,"column":7}},"9":{"start":{"line":24,"column":8},"end":{"line":24,"column":48}},"10":{"start":{"line":26,"column":6},"end":{"line":28,"column":7}},"11":{"start":{"line":27,"column":8},"end":{"line":27,"column":46}},"12":{"start":{"line":34,"column":6},"end":{"line":34,"column":47}},"13":{"start":{"line":35,"column":6},"end":{"line":37,"column":7}},"14":{"start":{"line":36,"column":8},"end":{"line":36,"column":60}},"15":{"start":{"line":38,"column":6},"end":{"line":40,"column":7}},"16":{"start":{"line":39,"column":8},"end":{"line":39,"column":59}},"17":{"start":{"line":41,"column":6},"end":{"line":41,"column":18}},"18":{"start":{"line":46,"column":2},"end":{"line":46,"column":26}}},"branchMap":{"1":{"line":22,"type":"binary-expr","locations":[{"start":{"line":22,"column":20},"end":{"line":22,"column":32}},{"start":{"line":22,"column":36},"end":{"line":22,"column":38}}]},"2":{"line":23,"type":"if","locations":[{"start":{"line":23,"column":6},"end":{"line":23,"column":6}},{"start":{"line":23,"column":6},"end":{"line":23,"column":6}}]},"3":{"line":26,"type":"if","locations":[{"start":{"line":26,"column":6},"end":{"line":26,"column":6}},{"start":{"line":26,"column":6},"end":{"line":26,"column":6}}]},"4":{"line":35,"type":"if","locations":[{"start":{"line":35,"column":6},"end":{"line":35,"column":6}},{"start":{"line":35,"column":6},"end":{"line":35,"column":6}}]},"5":{"line":38,"type":"if","locations":[{"start":{"line":38,"column":6},"end":{"line":38,"column":6}},{"start":{"line":38,"column":6},"end":{"line":38,"column":6}}]}}}}