TN:
SF:/Users/Edward/Projects/bookshelf/lib/base/promise.js
FN:6,(anonymous_1)
FN:10,(anonymous_2)
FN:14,(anonymous_3)
FN:18,(anonymous_4)
FNF:4
FNH:0
FNDA:0,(anonymous_1)
FNDA:0,(anonymous_2)
FNDA:0,(anonymous_3)
FNDA:0,(anonymous_4)
DA:3,1
DA:4,1
DA:6,1
DA:7,0
DA:8,0
DA:10,1
DA:11,0
DA:12,0
DA:14,1
DA:15,0
DA:16,0
DA:18,1
DA:19,0
DA:20,0
DA:23,1
LF:15
LH:7
BRF:0
BRH:0
end_of_record
TN:
SF:/Users/Edward/Projects/bookshelf/lib/helpers.js
FN:11,saveConstraints
FN:22,morphCandidate
FN:23,(anonymous_3)
FN:37,query
FN:72,error
FN:76,warn
FN:80,deprecate
FNF:7
FNH:4
FNDA:63,saveConstraints
FNDA:51,morphCandidate
FNDA:99,(anonymous_3)
FNDA:1106,query
FNDA:0,error
FNDA:0,warn
FNDA:0,deprecate
DA:5,1
DA:6,1
DA:8,1
DA:12,63
DA:13,63
DA:14,21
DA:15,21
DA:17,63
DA:23,51
DA:24,99
DA:26,51
DA:27,3
DA:29,48
DA:40,1106
DA:41,917
DA:42,917
DA:46,1106
DA:48,99
DA:50,99
DA:54,9
DA:55,90
DA:59,21
DA:60,24
DA:61,24
DA:67,69
DA:69,99
DA:73,0
DA:77,0
DA:81,0
DA:86,1
LF:30
LH:27
BRDA:13,1,0,21
BRDA:13,1,1,42
BRDA:13,2,0,63
BRDA:13,2,1,60
BRDA:13,2,2,27
BRDA:13,2,3,24
BRDA:14,3,0,21
BRDA:14,3,1,3
BRDA:15,4,0,9
BRDA:15,4,1,12
BRDA:26,5,0,3
BRDA:26,5,1,48
BRDA:40,6,0,917
BRDA:40,6,1,189
BRDA:46,7,0,1007
BRDA:46,7,1,99
BRDA:50,8,0,9
BRDA:50,8,1,90
BRDA:55,9,0,21
BRDA:55,9,1,69
BRDA:60,10,0,6
BRDA:60,10,1,18
BRF:22
BRH:22
end_of_record
TN:
SF:/Users/Edward/Projects/bookshelf/bookshelf.js
FNF:0
FNH:0
DA:11,1
LF:1
LH:1
BRF:0
BRH:0
end_of_record
TN:
SF:/Users/Edward/Projects/bookshelf/lib/bookshelf.js
FN:5,_interopRequireDefault
FN:56,Bookshelf
FN:73,_relation
FN:121,collection
FN:142,count
FN:156,fetchAll
FN:256,transaction
FN:275,plugin
FN:290,(anonymous_9)
FN:313,forge
FN:319,builderFn
FN:324,(anonymous_12)
FN:330,(anonymous_13)
FN:331,(anonymous_14)
FN:343,(anonymous_15)
FNF:15
FNH:13
FNDA:8,_interopRequireDefault
FNDA:5,Bookshelf
FNDA:465,_relation
FNDA:606,collection
FNDA:3,count
FNDA:33,fetchAll
FNDA:0,transaction
FNDA:30,plugin
FNDA:3,(anonymous_9)
FNDA:110,forge
FNDA:995,builderFn
FNDA:833,(anonymous_12)
FNDA:10,(anonymous_13)
FNDA:15,(anonymous_14)
FNDA:0,(anonymous_15)
DA:3,1
DA:5,8
DA:7,1
DA:9,1
DA:11,1
DA:13,1
DA:15,1
DA:17,1
DA:23,1
DA:25,1
DA:29,1
DA:31,1
DA:33,1
DA:35,1
DA:37,1
DA:39,1
DA:41,1
DA:43,1
DA:56,1
DA:57,5
DA:61,5
DA:62,5
DA:63,0
DA:66,5
DA:74,465
DA:75,0
DA:77,465
DA:122,606
DA:143,3
DA:157,33
DA:161,5
DA:202,5
DA:203,5
DA:205,5
DA:212,5
DA:257,0
DA:276,30
DA:278,30
DA:279,15
DA:280,15
DA:282,3
DA:283,0
DA:285,3
DA:286,3
DA:289,15
DA:290,3
DA:291,3
DA:294,12
DA:296,30
DA:308,5
DA:313,1
DA:314,110
DA:315,110
DA:316,110
DA:319,1
DA:320,995
DA:322,995
DA:324,995
DA:325,833
DA:330,5
DA:331,10
DA:332,15
DA:333,15
DA:337,5
DA:343,1
DA:344,0
DA:345,0
DA:349,1
DA:350,1
LF:69
LH:63
BRDA:5,1,0,0
BRDA:5,1,1,8
BRDA:5,2,0,8
BRDA:5,2,1,8
BRDA:62,3,0,0
BRDA:62,3,1,5
BRDA:74,4,0,0
BRDA:74,4,1,465
BRDA:74,5,0,465
BRDA:74,5,1,426
BRDA:122,6,0,606
BRDA:122,6,1,81
BRDA:278,7,0,15
BRDA:278,7,1,15
BRDA:282,8,0,0
BRDA:282,8,1,3
BRDA:285,9,0,3
BRDA:285,9,1,0
BRDA:289,10,0,3
BRDA:289,10,1,12
BRDA:316,11,0,0
BRDA:316,11,1,110
BRDA:322,12,0,959
BRDA:322,12,1,36
BRF:24
BRH:18
end_of_record
TN:
SF:/Users/Edward/Projects/bookshelf/lib/base/events.js
FN:19,Events
FN:33,(anonymous_2)
FN:51,(anonymous_3)
FN:67,(anonymous_4)
FN:102,(anonymous_5)
FN:128,(anonymous_6)
FN:144,(anonymous_7)
FN:146,(anonymous_8)
FNF:8
FNH:7
FNDA:0,Events
FNDA:270,(anonymous_2)
FNDA:114,(anonymous_3)
FNDA:200960,(anonymous_4)
FNDA:1890,(anonymous_5)
FNDA:1890,(anonymous_6)
FNDA:111,(anonymous_7)
FNDA:111,(anonymous_8)
DA:6,1
DA:7,1
DA:8,1
DA:9,1
DA:19,1
DA:20,0
DA:22,1
DA:25,1
DA:33,1
DA:35,270
DA:36,3
DA:37,3
DA:38,9
DA:40,3
DA:42,267
DA:51,1
DA:52,114
DA:53,3
DA:55,111
DA:56,0
DA:58,111
DA:67,1
DA:69,200960
DA:70,0
DA:71,0
DA:72,0
DA:73,0
DA:74,0
DA:75,0
DA:77,0
DA:79,200960
DA:80,200960
DA:102,1
DA:103,1890
DA:108,1890
DA:109,503
DA:110,503
DA:111,1006
DA:114,1387
DA:116,1890
DA:117,1890
DA:119,3
DA:121,0
DA:123,87
DA:125,5400
DA:127,1890
DA:128,1890
DA:129,1890
DA:130,1890
DA:131,201
DA:133,1845
DA:136,1
DA:144,1
DA:145,111
DA:146,111
DA:147,111
DA:148,111
DA:150,111
DA:151,111
DA:154,1
LF:60
LH:50
BRDA:35,1,0,3
BRDA:35,1,1,267
BRDA:52,2,0,3
BRDA:52,2,1,111
BRDA:55,3,0,0
BRDA:55,3,1,111
BRDA:69,4,0,0
BRDA:69,4,1,200960
BRDA:108,5,0,503
BRDA:108,5,1,1387
BRDA:117,6,0,3
BRDA:117,6,1,0
BRDA:117,6,2,87
BRDA:117,6,3,1800
BRF:14
BRH:11
end_of_record
TN:
SF:/Users/Edward/Projects/bookshelf/lib/model.js
FN:3,_interopRequireDefault
FN:129,hasOne
FN:164,hasMany
FN:207,belongsTo
FN:303,belongsToMany
FN:357,morphOne
FN:409,morphMany
FN:447,morphTo
FN:533,through
FN:551,refresh
FN:643,fetch
FN:649,(anonymous_12)
FN:656,(anonymous_13)
FN:670,(anonymous_14)
FN:674,(anonymous_15)
FN:692,(anonymous_16)
FN:699,all
FN:727,count
FN:762,fetchAll
FN:766,(anonymous_20)
FN:778,(anonymous_21)
FN:825,(anonymous_22)
FN:826,(anonymous_23)
FN:828,(anonymous_24)
FN:908,(anonymous_25)
FN:920,(anonymous_26)
FN:922,(anonymous_27)
FN:997,(anonymous_28)
FN:999,(anonymous_29)
FN:1084,(anonymous_30)
FN:1088,(anonymous_31)
FN:1104,(anonymous_32)
FN:1106,(anonymous_33)
FN:1136,resetQuery
FN:1181,query
FN:1211,where
FN:1223,sync
FN:1233,_morphOneOrMany
FN:1255,_handleResponse
FN:1272,_handleEager
FN:1278,extended
FNF:41
FNH:41
FNDA:8,_interopRequireDefault
FNDA:38,hasOne
FNDA:132,hasMany
FNDA:43,belongsTo
FNDA:185,belongsToMany
FNDA:6,morphOne
FNDA:22,morphMany
FNDA:39,morphTo
FNDA:11,through
FNDA:12,refresh
FNDA:206,fetch
FNDA:218,(anonymous_12)
FNDA:215,(anonymous_13)
FNDA:203,(anonymous_14)
FNDA:197,(anonymous_15)
FNDA:24,(anonymous_16)
FNDA:69,all
FNDA:15,count
FNDA:54,fetchAll
FNDA:54,(anonymous_20)
FNDA:54,(anonymous_21)
FNDA:9,(anonymous_22)
FNDA:9,(anonymous_23)
FNDA:9,(anonymous_24)
FNDA:259,(anonymous_25)
FNDA:259,(anonymous_26)
FNDA:259,(anonymous_27)
FNDA:247,(anonymous_28)
FNDA:247,(anonymous_29)
FNDA:48,(anonymous_30)
FNDA:48,(anonymous_31)
FNDA:42,(anonymous_32)
FNDA:39,(anonymous_33)
FNDA:650,resetQuery
FNDA:752,query
FNDA:12,where
FNDA:566,sync
FNDA:28,_morphOneOrMany
FNDA:203,_handleResponse
FNDA:87,_handleEager
FNDA:603,extended
DA:3,8
DA:5,1
DA:7,1
DA:9,1
DA:11,1
DA:13,1
DA:15,1
DA:17,1
DA:19,1
DA:21,1
DA:23,1
DA:25,1
DA:27,1
DA:29,1
DA:31,1
DA:33,1
DA:35,1
DA:88,1
DA:130,38
DA:165,132
DA:208,43
DA:304,185
DA:358,6
DA:410,22
DA:448,39
DA:449,39
DA:451,39
DA:452,12
DA:453,12
DA:455,27
DA:456,27
DA:458,39
DA:534,11
DA:555,12
DA:557,12
DA:646,206
DA:650,218
DA:653,218
DA:657,215
DA:658,12
DA:659,9
DA:671,203
DA:672,78
DA:691,197
DA:693,24
DA:694,15
DA:700,69
DA:701,69
DA:702,69
DA:703,69
DA:704,69
DA:728,15
DA:763,54
DA:765,54
DA:766,54
DA:777,54
DA:789,54
DA:826,9
DA:827,9
DA:829,9
DA:909,259
DA:912,259
DA:913,259
DA:914,259
DA:916,0
DA:917,0
DA:920,259
DA:921,259
DA:925,259
DA:929,259
DA:930,211
DA:931,211
DA:932,57
DA:938,259
DA:942,259
DA:943,54
DA:947,259
DA:948,3
DA:953,259
DA:954,259
DA:997,259
DA:998,247
DA:1002,247
DA:1003,184
DA:1004,63
DA:1005,6
DA:1006,3
DA:1012,244
DA:1014,244
DA:1051,244
DA:1085,48
DA:1086,48
DA:1087,48
DA:1088,48
DA:1103,48
DA:1105,42
DA:1107,39
DA:1108,3
DA:1110,36
DA:1124,36
DA:1137,650
DA:1138,650
DA:1182,752
DA:1212,12
DA:1213,12
DA:1224,566
DA:1234,28
DA:1236,16
DA:1237,16
DA:1239,28
DA:1240,28
DA:1256,203
DA:1257,203
DA:1258,203
DA:1259,3
DA:1273,87
DA:1287,603
DA:1296,603
DA:1305,603
DA:1310,1
DA:1311,1
DA:1312,1
DA:1314,1
LF:123
LH:121
BRDA:3,1,0,0
BRDA:3,1,1,8
BRDA:3,2,0,8
BRDA:3,2,1,8
BRDA:448,3,0,0
BRDA:448,3,1,39
BRDA:451,4,0,12
BRDA:451,4,1,27
BRDA:555,5,0,3
BRDA:555,5,1,9
BRDA:650,6,0,105
BRDA:650,6,1,113
BRDA:657,7,0,12
BRDA:657,7,1,203
BRDA:657,8,0,215
BRDA:657,8,1,215
BRDA:658,9,0,3
BRDA:658,9,1,9
BRDA:671,10,0,78
BRDA:671,10,1,125
BRDA:693,11,0,9
BRDA:693,11,1,15
BRDA:703,12,0,0
BRDA:703,12,1,69
BRDA:831,13,0,3
BRDA:831,13,1,6
BRDA:912,14,0,259
BRDA:912,14,1,0
BRDA:912,15,0,259
BRDA:912,15,1,60
BRDA:913,16,0,259
BRDA:913,16,1,199
BRDA:914,17,0,259
BRDA:914,17,1,129
BRDA:917,18,0,0
BRDA:917,18,1,0
BRDA:929,19,0,211
BRDA:929,19,1,48
BRDA:929,20,0,259
BRDA:929,20,1,51
BRDA:931,21,0,57
BRDA:931,21,1,154
BRDA:942,22,0,54
BRDA:942,22,1,205
BRDA:947,23,0,3
BRDA:947,23,1,256
BRDA:947,24,0,259
BRDA:947,24,1,3
BRDA:997,25,0,208
BRDA:997,25,1,51
BRDA:998,26,0,9
BRDA:998,26,1,238
BRDA:998,27,0,247
BRDA:998,27,1,48
BRDA:1002,28,0,184
BRDA:1002,28,1,63
BRDA:1002,29,0,247
BRDA:1002,29,1,199
BRDA:1004,30,0,6
BRDA:1004,30,1,57
BRDA:1004,31,0,63
BRDA:1004,31,1,48
BRDA:1005,32,0,3
BRDA:1005,32,1,3
BRDA:1051,33,0,199
BRDA:1051,33,1,45
BRDA:1085,34,0,3
BRDA:1085,34,1,45
BRDA:1107,35,0,3
BRDA:1107,35,1,36
BRDA:1107,36,0,39
BRDA:1107,36,1,3
BRDA:1234,37,0,16
BRDA:1234,37,1,12
BRDA:1239,38,0,0
BRDA:1239,38,1,28
BRDA:1239,39,0,28
BRDA:1239,39,1,28
BRDA:1258,40,0,3
BRDA:1258,40,1,200
BRDA:1258,41,0,203
BRDA:1258,41,1,39
BRF:82
BRH:75
end_of_record
TN:
SF:/Users/Edward/Projects/bookshelf/lib/sync.js
FN:13,Sync
FN:26,prefixFields
FN:36,(anonymous_3)
FN:64,(anonymous_4)
FN:77,(anonymous_5)
FN:92,(anonymous_6)
FN:101,(anonymous_7)
FN:105,(anonymous_8)
FN:107,(anonymous_9)
FN:109,(anonymous_10)
FN:111,(anonymous_11)
FN:121,(anonymous_12)
FN:135,(anonymous_13)
FN:161,(anonymous_14)
FN:167,(anonymous_15)
FN:173,(anonymous_16)
FN:184,(anonymous_17)
FNF:17
FNH:17
FNDA:883,Sync
FNDA:163,prefixFields
FNDA:213,(anonymous_3)
FNDA:611,(anonymous_4)
FNDA:312,(anonymous_5)
FNDA:39,(anonymous_6)
FNDA:39,(anonymous_7)
FNDA:39,(anonymous_8)
FNDA:39,(anonymous_9)
FNDA:39,(anonymous_10)
FNDA:39,(anonymous_11)
FNDA:572,(anonymous_12)
FNDA:569,(anonymous_13)
FNDA:566,(anonymous_14)
FNDA:168,(anonymous_15)
FNDA:39,(anonymous_16)
FNDA:39,(anonymous_17)
DA:5,1
DA:6,1
DA:13,1
DA:14,883
DA:15,883
DA:16,883
DA:17,883
DA:18,883
DA:19,883
DA:22,1
DA:27,163
DA:28,163
DA:29,163
DA:30,175
DA:32,163
DA:38,213
DA:48,213
DA:50,213
DA:53,162
DA:54,162
DA:58,213
DA:60,213
DA:65,611
DA:73,611
DA:77,611
DA:78,312
DA:79,42
DA:80,42
DA:92,42
DA:93,39
DA:102,39
DA:105,39
DA:106,39
DA:108,39
DA:110,39
DA:112,39
DA:122,572
DA:124,572
DA:133,572
DA:135,572
DA:138,569
DA:139,303
DA:143,266
DA:145,266
DA:148,6
DA:149,260
DA:153,257
DA:159,569
DA:160,569
DA:162,566
DA:168,168
DA:169,168
DA:174,39
DA:176,39
DA:177,39
DA:178,0
DA:180,39
DA:185,39
DA:187,39
DA:188,39
DA:189,3
DA:191,36
DA:196,1
LF:63
LH:62
BRDA:14,1,0,883
BRDA:14,1,1,41
BRDA:18,2,0,0
BRDA:18,2,1,883
BRDA:19,3,0,0
BRDA:19,3,1,883
BRDA:50,4,0,162
BRDA:50,4,1,51
BRDA:77,5,0,312
BRDA:77,5,1,299
BRDA:78,6,0,42
BRDA:78,6,1,270
BRDA:110,7,0,39
BRDA:110,7,1,33
BRDA:138,8,0,303
BRDA:138,8,1,266
BRDA:143,9,0,30
BRDA:143,9,1,236
BRDA:145,10,0,6
BRDA:145,10,1,260
BRDA:148,11,0,6
BRDA:148,11,1,0
BRDA:149,12,0,257
BRDA:149,12,1,3
BRDA:176,13,0,36
BRDA:176,13,1,3
BRDA:177,14,0,0
BRDA:177,14,1,39
BRDA:187,15,0,36
BRDA:187,15,1,3
BRDA:188,16,0,3
BRDA:188,16,1,36
BRF:32
BRH:28
end_of_record
TN:
SF:/Users/Edward/Projects/bookshelf/lib/eager.js
FN:16,EagerRelation
FN:25,(anonymous_2)
FN:33,(anonymous_3)
FN:41,(anonymous_4)
FN:44,(anonymous_5)
FN:48,(anonymous_6)
FN:52,(anonymous_7)
FN:59,(anonymous_8)
FN:65,_eagerLoadHelper
FN:86,_filterRelated
FN:90,(anonymous_11)
FNF:11
FNH:11
FNDA:174,EagerRelation
FNDA:186,(anonymous_2)
FNDA:165,(anonymous_3)
FNDA:15,(anonymous_4)
FNDA:105,(anonymous_5)
FNDA:30,(anonymous_6)
FNDA:30,(anonymous_7)
FNDA:15,(anonymous_8)
FNDA:195,_eagerLoadHelper
FNDA:18,_filterRelated
FNDA:18,(anonymous_11)
DA:5,1
DA:6,1
DA:8,1
DA:9,1
DA:10,1
DA:16,1
DA:17,174
DA:19,1
DA:21,1
DA:26,186
DA:29,186
DA:31,180
DA:33,165
DA:34,165
DA:42,15
DA:44,15
DA:45,105
DA:46,105
DA:48,15
DA:49,30
DA:50,30
DA:51,30
DA:52,30
DA:53,30
DA:57,30
DA:59,15
DA:60,15
DA:66,195
DA:67,195
DA:70,195
DA:71,42
DA:75,42
DA:76,18
DA:77,18
DA:78,9
DA:80,33
DA:90,18
DA:91,18
DA:92,18
DA:93,18
DA:95,18
DA:101,1
LF:42
LH:42
BRDA:29,1,0,6
BRDA:29,1,1,180
BRDA:31,2,0,15
BRDA:31,2,1,165
BRDA:45,3,0,42
BRDA:45,3,1,63
BRDA:45,4,0,105
BRDA:45,4,1,42
BRDA:51,5,0,12
BRDA:51,5,1,18
BRDA:51,6,0,30
BRDA:51,6,1,12
BRDA:70,7,0,42
BRDA:70,7,1,153
BRDA:70,8,0,195
BRDA:70,8,1,180
BRDA:75,9,0,18
BRDA:75,9,1,24
BRDA:77,10,0,9
BRDA:77,10,1,9
BRDA:93,11,0,9
BRDA:93,11,1,9
BRF:22
BRH:22
end_of_record
TN:
SF:/Users/Edward/Projects/bookshelf/lib/base/eager.js
FN:14,EagerBase
FN:24,(anonymous_2)
FN:82,prepWithRelated
FN:98,pushModels
FN:110,noop
FNF:5
FNH:5
FNDA:174,EagerBase
FNDA:174,(anonymous_2)
FNDA:174,prepWithRelated
FNDA:195,pushModels
FNDA:192,noop
DA:11,1
DA:12,1
DA:14,1
DA:15,174
DA:16,174
DA:17,174
DA:20,1
DA:25,174
DA:26,174
DA:27,174
DA:28,174
DA:29,174
DA:32,174
DA:36,174
DA:37,198
DA:38,198
DA:41,198
DA:42,39
DA:43,39
DA:44,39
DA:45,39
DA:49,198
DA:51,195
DA:52,6
DA:55,189
DA:57,189
DA:61,168
DA:66,168
DA:67,168
DA:68,186
DA:77,168
DA:83,174
DA:84,174
DA:85,174
DA:86,201
DA:87,201
DA:88,159
DA:90,42
DA:93,174
DA:99,195
DA:100,195
DA:101,195
DA:102,195
DA:103,396
DA:105,195
DA:110,1
DA:112,1
LF:47
LH:47
BRDA:41,1,0,39
BRDA:41,1,1,159
BRDA:43,2,0,39
BRDA:43,2,1,36
BRDA:49,3,0,3
BRDA:49,3,1,195
BRDA:51,4,0,6
BRDA:51,4,1,189
BRDA:71,5,0,186
BRDA:71,5,1,36
BRDA:83,6,0,57
BRDA:83,6,1,117
BRDA:87,7,0,159
BRDA:87,7,1,42
BRF:14
BRH:14
end_of_record
TN:
SF:/Users/Edward/Projects/bookshelf/lib/errors.js
FNF:0
FNH:0
DA:3,1
DA:5,1
LF:2
LH:2
BRF:0
BRH:0
end_of_record
TN:
SF:/Users/Edward/Projects/bookshelf/lib/base/model.js
FN:23,ModelBase
FN:53,(anonymous_2)
FN:109,(anonymous_3)
FN:127,(anonymous_4)
FN:180,(anonymous_5)
FN:213,(anonymous_6)
FN:242,(anonymous_7)
FN:251,(anonymous_8)
FN:261,(anonymous_9)
FN:272,(anonymous_10)
FN:304,(anonymous_11)
FN:318,(anonymous_12)
FN:327,(anonymous_13)
FN:345,(anonymous_14)
FN:373,(anonymous_15)
FN:386,(anonymous_16)
FN:409,(anonymous_17)
FN:432,(anonymous_18)
FN:469,(anonymous_19)
FN:484,(anonymous_20)
FN:499,(anonymous_21)
FN:513,(anonymous_22)
FN:547,(anonymous_23)
FN:548,(anonymous_24)
FNF:24
FNH:20
FNDA:202097,ModelBase
FNDA:201998,(anonymous_2)
FNDA:1081,(anonymous_3)
FNDA:202906,(anonymous_4)
FNDA:271,(anonymous_5)
FNDA:747,(anonymous_6)
FNDA:747,(anonymous_7)
FNDA:200345,(anonymous_8)
FNDA:0,(anonymous_9)
FNDA:0,(anonymous_10)
FNDA:1010,(anonymous_11)
FNDA:0,(anonymous_12)
FNDA:36,(anonymous_13)
FNDA:525,(anonymous_14)
FNDA:147,(anonymous_15)
FNDA:3,(anonymous_16)
FNDA:334,(anonymous_17)
FNDA:63,(anonymous_18)
FNDA:18,(anonymous_19)
FNDA:9,(anonymous_20)
FNDA:3,(anonymous_21)
FNDA:203417,(anonymous_22)
FNDA:6,(anonymous_23)
FNDA:0,(anonymous_24)
DA:5,1
DA:6,1
DA:8,1
DA:9,1
DA:12,1
DA:23,1
DA:24,202097
DA:25,202097
DA:26,202097
DA:27,202097
DA:28,202097
DA:29,202097
DA:30,202097
DA:31,202097
DA:32,202097
DA:34,202097
DA:35,202097
DA:37,1
DA:53,1
DA:84,1
DA:99,1
DA:109,1
DA:110,1081
DA:127,1
DA:128,202906
DA:129,202906
DA:132,202906
DA:133,202858
DA:134,202858
DA:136,48
DA:138,202906
DA:141,202906
DA:142,202906
DA:143,202906
DA:146,202906
DA:149,202906
DA:150,405846
DA:151,405846
DA:152,405658
DA:154,188
DA:156,405846
DA:157,108
DA:159,405738
DA:162,202906
DA:180,1
DA:181,271
DA:213,1
DA:214,747
DA:215,747
DA:216,735
DA:217,735
DA:218,303
DA:219,303
DA:221,735
DA:222,735
DA:223,72
DA:224,72
DA:225,159
DA:228,735
DA:242,1
DA:243,747
DA:251,1
DA:252,200345
DA:261,1
DA:262,0
DA:272,1
DA:273,0
DA:304,1
DA:305,1010
DA:318,1
DA:319,0
DA:327,1
DA:328,36
DA:329,108
DA:330,36
DA:345,1
DA:346,525
DA:373,1
DA:374,147
DA:386,1
DA:387,3
DA:388,3
DA:389,3
DA:390,3
DA:392,3
DA:393,3
DA:394,3
DA:409,1
DA:410,334
DA:411,334
DA:432,1
DA:433,63
DA:435,60
DA:436,60
DA:437,60
DA:438,60
DA:439,60
DA:440,60
DA:442,60
DA:443,57
DA:446,60
DA:447,51
DA:450,60
DA:452,60
DA:469,1
DA:470,18
DA:471,3
DA:484,1
DA:485,9
DA:499,1
DA:500,3
DA:513,1
DA:514,203417
DA:515,203417
DA:516,203417
DA:544,1
DA:547,1
DA:548,6
DA:549,0
DA:550,0
DA:551,0
DA:624,1
DA:626,1
LF:123
LH:117
BRDA:24,1,0,202097
BRDA:24,1,1,604
BRDA:25,2,0,202097
BRDA:25,2,1,201455
BRDA:30,3,0,202097
BRDA:30,3,1,0
BRDA:32,4,0,381
BRDA:32,4,1,201716
BRDA:32,5,0,381
BRDA:32,5,1,0
BRDA:128,6,0,0
BRDA:128,6,1,202906
BRDA:132,7,0,202858
BRDA:132,7,1,48
BRDA:138,8,0,202906
BRDA:138,8,1,180
BRDA:146,9,0,201473
BRDA:146,9,1,1433
BRDA:151,10,0,405658
BRDA:151,10,1,188
BRDA:156,11,0,108
BRDA:156,11,1,405738
BRDA:215,12,0,12
BRDA:215,12,1,735
BRDA:215,13,0,747
BRDA:215,13,1,18
BRDA:219,14,0,303
BRDA:219,14,1,0
BRDA:221,15,0,0
BRDA:221,15,1,735
BRDA:221,16,0,735
BRDA:221,16,1,6
BRDA:222,17,0,72
BRDA:222,17,1,663
BRDA:374,18,0,147
BRDA:374,18,1,51
BRDA:374,19,0,51
BRDA:374,19,1,0
BRDA:410,20,0,334
BRDA:410,20,1,328
BRDA:410,20,2,84
BRDA:411,21,0,334
BRDA:411,21,1,250
BRDA:411,22,0,202
BRDA:411,22,1,48
BRDA:433,23,0,3
BRDA:433,23,1,60
BRDA:438,24,0,9
BRDA:438,24,1,51
BRDA:442,25,0,57
BRDA:442,25,1,3
BRDA:446,26,0,51
BRDA:446,26,1,9
BRDA:446,27,0,60
BRDA:446,27,1,57
BRDA:470,28,0,15
BRDA:470,28,1,3
BRF:57
BRH:51
end_of_record
TN:
SF:/Users/Edward/Projects/bookshelf/lib/extend.js
FN:5,(anonymous_1)
FN:15,(anonymous_2)
FNF:2
FNH:2
FNDA:693,(anonymous_1)
FNDA:209573,(anonymous_2)
DA:5,1
DA:6,693
DA:7,693
DA:12,693
DA:13,9
DA:15,684
DA:16,209573
DA:21,693
DA:23,693
DA:24,693
DA:26,693
DA:27,1598
DA:28,1598
DA:32,693
DA:33,33
DA:35,33
DA:36,48
DA:37,48
DA:42,693
DA:45,693
DA:49,693
DA:51,693
LF:22
LH:22
BRDA:12,1,0,9
BRDA:12,1,1,684
BRDA:12,2,0,693
BRDA:12,2,1,693
BRDA:23,3,0,693
BRDA:23,3,1,0
BRDA:32,4,0,33
BRDA:32,4,1,660
BRDA:49,5,0,683
BRDA:49,5,1,10
BRF:10
BRH:9
end_of_record
TN:
SF:/Users/Edward/Projects/bookshelf/lib/collection.js
FN:5,_interopRequireDefault
FN:75,through
FN:110,(anonymous_3)
FN:112,(anonymous_4)
FN:126,(anonymous_5)
FN:130,(anonymous_6)
FN:145,(anonymous_7)
FN:176,(anonymous_8)
FN:219,(anonymous_9)
FN:242,(anonymous_10)
FN:265,(anonymous_11)
FN:276,(anonymous_12)
FN:280,(anonymous_13)
FN:294,resetQuery
FN:333,query
FN:342,sync
FN:353,_handleResponse
FN:367,_handleEager
FN:373,extended
FNF:19
FNH:19
FNDA:8,_interopRequireDefault
FNDA:97,through
FNDA:165,(anonymous_3)
FNDA:162,(anonymous_4)
FNDA:153,(anonymous_5)
FNDA:153,(anonymous_6)
FNDA:12,(anonymous_7)
FNDA:39,(anonymous_8)
FNDA:12,(anonymous_9)
FNDA:3,(anonymous_10)
FNDA:60,(anonymous_11)
FNDA:60,(anonymous_12)
FNDA:48,(anonymous_13)
FNDA:330,resetQuery
FNDA:351,query
FNDA:315,sync
FNDA:153,_handleResponse
FNDA:51,_handleEager
FNDA:80,extended
DA:3,1
DA:5,8
DA:7,1
DA:9,1
DA:11,1
DA:13,1
DA:15,1
DA:17,1
DA:19,1
DA:21,1
DA:23,1
DA:25,1
DA:27,1
DA:29,1
DA:31,1
DA:33,1
DA:35,1
DA:37,1
DA:66,1
DA:76,97
DA:111,165
DA:112,165
DA:113,162
DA:114,9
DA:115,6
DA:127,153
DA:128,51
DA:144,153
DA:146,12
DA:147,6
DA:177,39
DA:178,33
DA:179,33
DA:181,39
DA:182,39
DA:220,12
DA:221,12
DA:222,12
DA:223,12
DA:224,12
DA:243,3
DA:244,3
DA:245,3
DA:266,60
DA:267,60
DA:268,60
DA:272,60
DA:273,3
DA:274,3
DA:276,60
DA:277,60
DA:278,33
DA:281,48
DA:295,330
DA:296,330
DA:334,351
DA:343,315
DA:354,153
DA:355,153
DA:356,153
DA:357,72
DA:368,51
DA:380,80
DA:385,1
DA:387,1
DA:388,1
LF:66
LH:66
BRDA:5,1,0,0
BRDA:5,1,1,8
BRDA:5,2,0,8
BRDA:5,2,1,8
BRDA:111,3,0,54
BRDA:111,3,1,111
BRDA:113,4,0,9
BRDA:113,4,1,153
BRDA:113,5,0,162
BRDA:113,5,1,162
BRDA:114,6,0,3
BRDA:114,6,1,6
BRDA:127,7,0,51
BRDA:127,7,1,102
BRDA:146,8,0,6
BRDA:146,8,1,6
BRDA:177,9,0,33
BRDA:177,9,1,6
BRDA:181,10,0,0
BRDA:181,10,1,39
BRDA:223,11,0,12
BRDA:223,11,1,0
BRDA:243,12,0,0
BRDA:243,12,1,3
BRDA:266,13,0,0
BRDA:266,13,1,60
BRDA:272,14,0,3
BRDA:272,14,1,57
BRDA:277,15,0,33
BRDA:277,15,1,27
BRDA:277,16,0,60
BRDA:277,16,1,57
BRDA:356,17,0,72
BRDA:356,17,1,81
BRDA:356,18,0,153
BRDA:356,18,1,84
BRF:36
BRH:31
end_of_record
TN:
SF:/Users/Edward/Projects/bookshelf/lib/base/collection.js
FN:25,CollectionBase
FN:64,(anonymous_2)
FN:75,(anonymous_3)
FN:79,(anonymous_4)
FN:101,(anonymous_5)
FN:102,(anonymous_6)
FN:118,(anonymous_7)
FN:147,(anonymous_8)
FN:235,(anonymous_9)
FN:246,(anonymous_10)
FN:271,(anonymous_11)
FN:287,(anonymous_12)
FN:291,(anonymous_13)
FN:323,(anonymous_14)
FN:339,(anonymous_15)
FN:374,(anonymous_16)
FN:389,(anonymous_17)
FN:398,(anonymous_18)
FN:409,(anonymous_19)
FN:418,(anonymous_20)
FN:429,(anonymous_21)
FN:446,(anonymous_22)
FN:458,(anonymous_23)
FN:468,(anonymous_24)
FN:470,(anonymous_25)
FN:485,(anonymous_26)
FN:495,(anonymous_27)
FN:516,(anonymous_28)
FN:531,(anonymous_29)
FN:540,(anonymous_30)
FN:550,(anonymous_31)
FN:726,(anonymous_32)
FN:727,(anonymous_33)
FN:752,(anonymous_34)
FN:753,(anonymous_35)
FN:754,(anonymous_36)
FNF:36
FNH:21
FNDA:659,CollectionBase
FNDA:319,(anonymous_2)
FNDA:7,(anonymous_3)
FNDA:0,(anonymous_4)
FNDA:234,(anonymous_5)
FNDA:471,(anonymous_6)
FNDA:234,(anonymous_7)
FNDA:916,(anonymous_8)
FNDA:200827,(anonymous_9)
FNDA:1,(anonymous_10)
FNDA:1,(anonymous_11)
FNDA:0,(anonymous_12)
FNDA:0,(anonymous_13)
FNDA:756,(anonymous_14)
FNDA:11,(anonymous_15)
FNDA:675,(anonymous_16)
FNDA:0,(anonymous_17)
FNDA:0,(anonymous_18)
FNDA:0,(anonymous_19)
FNDA:0,(anonymous_20)
FNDA:0,(anonymous_21)
FNDA:200833,(anonymous_22)
FNDA:14,(anonymous_23)
FNDA:0,(anonymous_24)
FNDA:0,(anonymous_25)
FNDA:0,(anonymous_26)
FNDA:0,(anonymous_27)
FNDA:0,(anonymous_28)
FNDA:682,(anonymous_29)
FNDA:3,(anonymous_30)
FNDA:1334,(anonymous_31)
FNDA:40,(anonymous_32)
FNDA:428,(anonymous_33)
FNDA:3,(anonymous_34)
FNDA:0,(anonymous_35)
FNDA:0,(anonymous_36)
DA:7,1
DA:8,1
DA:11,1
DA:12,1
DA:13,1
DA:15,1
DA:16,1
DA:17,1
DA:18,1
DA:25,1
DA:26,659
DA:27,659
DA:28,659
DA:29,659
DA:30,0
DA:32,659
DA:34,1
DA:43,1
DA:46,1
DA:47,1
DA:55,1
DA:64,1
DA:65,319
DA:75,1
DA:76,7
DA:79,1
DA:80,0
DA:101,1
DA:102,234
DA:103,471
DA:118,1
DA:119,234
DA:147,1
DA:148,916
DA:149,916
DA:150,916
DA:151,916
DA:152,916
DA:153,916
DA:154,916
DA:157,916
DA:160,916
DA:164,916
DA:165,200797
DA:166,200797
DA:167,200349
DA:169,448
DA:174,200797
DA:175,200797
DA:176,31
DA:177,27
DA:179,31
DA:180,26
DA:181,26
DA:182,26
DA:186,200766
DA:187,200765
DA:188,200765
DA:189,200765
DA:190,200765
DA:192,200797
DA:196,916
DA:197,158
DA:198,34
DA:200,158
DA:204,916
DA:205,410
DA:206,410
DA:207,0
DA:209,410
DA:210,157
DA:212,253
DA:214,410
DA:215,200792
DA:220,916
DA:223,88
DA:224,200080
DA:226,88
DA:235,1
DA:236,200827
DA:237,481
DA:246,1
DA:247,1
DA:271,1
DA:272,1
DA:287,1
DA:288,0
DA:291,1
DA:292,0
DA:323,1
DA:324,756
DA:339,1
DA:340,11
DA:341,11
DA:342,11
DA:343,11
DA:344,11
DA:345,13
DA:346,13
DA:347,13
DA:348,13
DA:349,13
DA:350,13
DA:351,13
DA:352,13
DA:353,13
DA:354,13
DA:357,11
DA:374,1
DA:375,675
DA:376,675
DA:377,675
DA:378,675
DA:379,675
DA:380,675
DA:389,1
DA:390,0
DA:398,1
DA:399,0
DA:400,0
DA:401,0
DA:409,1
DA:410,0
DA:418,1
DA:419,0
DA:420,0
DA:421,0
DA:429,1
DA:430,0
DA:446,1
DA:447,200833
DA:448,200816
DA:458,1
DA:459,14
DA:468,1
DA:469,0
DA:470,0
DA:471,0
DA:472,0
DA:474,0
DA:485,1
DA:486,0
DA:495,1
DA:496,0
DA:497,0
DA:500,0
DA:501,0
DA:503,0
DA:506,0
DA:507,0
DA:516,1
DA:517,0
DA:531,1
DA:532,682
DA:540,1
DA:541,3
DA:550,1
DA:551,1334
DA:552,1334
DA:553,1334
DA:723,1
DA:726,1
DA:727,40
DA:728,428
DA:729,428
DA:730,428
DA:749,1
DA:752,1
DA:753,3
DA:754,0
DA:755,0
DA:757,0
DA:776,1
DA:778,1
LF:174
LH:143
BRDA:26,1,0,627
BRDA:26,1,1,32
BRDA:29,2,0,0
BRDA:29,2,1,659
BRDA:32,3,0,635
BRDA:32,3,1,24
BRDA:149,4,0,682
BRDA:149,4,1,234
BRDA:150,5,0,115
BRDA:150,5,1,801
BRDA:150,6,0,82
BRDA:150,6,1,33
BRDA:160,7,0,157
BRDA:160,7,1,759
BRDA:160,8,0,916
BRDA:160,8,1,915
BRDA:166,9,0,200349
BRDA:166,9,1,448
BRDA:175,10,0,31
BRDA:175,10,1,200766
BRDA:176,11,0,27
BRDA:176,11,1,4
BRDA:179,12,0,26
BRDA:179,12,1,5
BRDA:180,13,0,0
BRDA:180,13,1,26
BRDA:181,14,0,24
BRDA:181,14,1,2
BRDA:186,15,0,200765
BRDA:186,15,1,1
BRDA:187,16,0,0
BRDA:187,16,1,200765
BRDA:190,17,0,200739
BRDA:190,17,1,26
BRDA:192,18,0,407
BRDA:192,18,1,200390
BRDA:192,19,0,407
BRDA:192,19,1,380
BRDA:196,20,0,158
BRDA:196,20,1,758
BRDA:198,21,0,7
BRDA:198,21,1,27
BRDA:200,22,0,5
BRDA:200,22,1,153
BRDA:204,23,0,410
BRDA:204,23,1,506
BRDA:204,24,0,916
BRDA:204,24,1,526
BRDA:204,24,2,20
BRDA:206,25,0,0
BRDA:206,25,1,410
BRDA:209,26,0,157
BRDA:209,26,1,253
BRDA:220,27,0,828
BRDA:220,27,1,88
BRDA:236,28,0,200346
BRDA:236,28,1,481
BRDA:341,29,0,6
BRDA:341,29,1,5
BRDA:342,30,0,11
BRDA:342,30,1,6
BRDA:346,31,0,0
BRDA:346,31,1,13
BRDA:352,32,0,13
BRDA:352,32,1,0
BRDA:357,33,0,6
BRDA:357,33,1,5
BRDA:375,34,0,675
BRDA:375,34,1,34
BRDA:379,35,0,34
BRDA:379,35,1,641
BRDA:447,36,0,17
BRDA:447,36,1,200816
BRDA:448,37,0,200816
BRDA:448,37,1,200804
BRDA:448,37,2,200799
BRDA:469,38,0,0
BRDA:469,38,1,0
BRDA:469,39,0,0
BRDA:469,39,1,0
BRDA:470,40,0,0
BRDA:470,40,1,0
BRDA:472,41,0,0
BRDA:472,41,1,0
BRDA:496,42,0,0
BRDA:496,42,1,0
BRDA:497,43,0,0
BRDA:497,43,1,0
BRDA:500,44,0,0
BRDA:500,44,1,0
BRDA:500,45,0,0
BRDA:500,45,1,0
BRDA:506,46,0,0
BRDA:506,46,1,0
BRDA:754,47,0,0
BRDA:754,47,1,0
BRF:96
BRH:70
end_of_record
TN:
SF:/Users/Edward/Projects/bookshelf/lib/relation.js
FN:19,init
FN:53,through
FN:81,key
FN:120,selectConstraints
FN:151,joinColumns
FN:158,(anonymous_6)
FN:164,joinClauses
FN:184,whereClauses
FN:202,eagerKeys
FN:208,joinTable
FN:215,relatedInstance
FN:239,eagerPair
FN:246,(anonymous_13)
FN:255,(anonymous_14)
FN:294,parsePivot
FN:296,(anonymous_16)
FN:320,isThrough
FN:323,isJoined
FN:326,isMorph
FN:329,isSingle
FN:333,isInverse
FN:338,withPivot
FN:347,(anonymous_23)
FN:349,(anonymous_24)
FN:392,attach
FN:395,(anonymous_26)
FN:397,(anonymous_27)
FN:399,(anonymous_28)
FN:424,detach
FN:427,(anonymous_30)
FN:429,(anonymous_31)
FN:431,(anonymous_32)
FN:460,updatePivot
FN:481,withPivot
FN:488,(anonymous_35)
FN:505,(anonymous_36)
FN:538,(anonymous_37)
FN:555,(anonymous_38)
FN:564,(anonymous_39)
FN:572,(anonymous_40)
FN:580,(anonymous_41)
FN:594,(anonymous_42)
FNF:42
FNH:42
FNDA:465,init
FNDA:108,through
FNDA:1954,key
FNDA:309,selectConstraints
FNDA:121,joinColumns
FNDA:327,(anonymous_6)
FNDA:121,joinClauses
FNDA:309,whereClauses
FNDA:165,eagerKeys
FNDA:571,joinTable
FNDA:831,relatedInstance
FNDA:195,eagerPair
FNDA:210,(anonymous_13)
FNDA:396,(anonymous_14)
FNDA:111,parsePivot
FNDA:171,(anonymous_16)
FNDA:2459,isThrough
FNDA:1632,isJoined
FNDA:661,isMorph
FNDA:1140,isSingle
FNDA:1601,isInverse
FNDA:114,withPivot
FNDA:1,(anonymous_23)
FNDA:488,(anonymous_24)
FNDA:60,attach
FNDA:60,(anonymous_26)
FNDA:57,(anonymous_27)
FNDA:45,(anonymous_28)
FNDA:48,detach
FNDA:48,(anonymous_30)
FNDA:45,(anonymous_31)
FNDA:39,(anonymous_32)
FNDA:24,updatePivot
FNDA:114,withPivot
FNDA:126,(anonymous_35)
FNDA:135,(anonymous_36)
FNDA:78,(anonymous_37)
FNDA:39,(anonymous_38)
FNDA:9,(anonymous_39)
FNDA:30,(anonymous_40)
FNDA:57,(anonymous_41)
FNDA:18,(anonymous_42)
DA:5,1
DA:6,1
DA:8,1
DA:9,1
DA:10,1
DA:11,1
DA:12,1
DA:14,1
DA:20,465
DA:21,465
DA:22,465
DA:24,465
DA:27,82
DA:31,82
DA:32,21
DA:33,18
DA:34,18
DA:36,79
DA:38,383
DA:41,462
DA:42,462
DA:44,462
DA:45,185
DA:48,462
DA:54,108
DA:55,108
DA:56,0
DA:59,108
DA:60,108
DA:61,108
DA:64,108
DA:65,4
DA:68,108
DA:69,108
DA:72,108
DA:73,79
DA:76,108
DA:82,1954
DA:83,1954
DA:84,719
DA:86,128
DA:87,128
DA:89,14
DA:90,14
DA:92,440
DA:94,66
DA:95,66
DA:96,66
DA:98,43
DA:99,43
DA:101,331
DA:102,28
DA:103,28
DA:105,303
DA:106,303
DA:108,440
DA:110,79
DA:111,79
DA:113,58
DA:114,58
DA:116,719
DA:121,309
DA:124,309
DA:127,309
DA:130,309
DA:131,0
DA:134,309
DA:136,309
DA:137,306
DA:140,309
DA:144,309
DA:147,309
DA:152,121
DA:153,121
DA:154,121
DA:155,121
DA:156,121
DA:157,121
DA:158,121
DA:159,327
DA:165,121
DA:167,121
DA:169,105
DA:171,105
DA:174,105
DA:175,4
DA:178,16
DA:185,309
DA:187,309
DA:188,121
DA:189,121
DA:191,188
DA:194,309
DA:196,309
DA:197,22
DA:203,165
DA:204,165
DA:209,571
DA:210,444
DA:216,831
DA:218,831
DA:222,831
DA:223,303
DA:224,0
DA:226,303
DA:231,528
DA:232,522
DA:234,6
DA:240,195
DA:242,195
DA:245,195
DA:246,30
DA:247,210
DA:252,195
DA:255,195
DA:256,396
DA:257,66
DA:259,330
DA:265,195
DA:266,195
DA:267,387
DA:268,387
DA:269,387
DA:270,222
DA:272,165
DA:273,165
DA:275,387
DA:276,387
DA:277,387
DA:282,195
DA:283,195
DA:284,396
DA:285,396
DA:288,195
DA:295,111
DA:296,111
DA:297,171
DA:301,171
DA:302,171
DA:303,1119
DA:304,450
DA:306,669
DA:309,171
DA:310,171
DA:311,171
DA:315,171
DA:321,2459
DA:324,1632
DA:327,661
DA:330,1140
DA:331,1140
DA:334,1601
DA:339,114
DA:340,114
DA:341,114
DA:347,1
DA:348,1
DA:349,1
DA:350,488
DA:351,15
DA:353,488
DA:360,1
DA:393,60
DA:395,60
DA:396,60
DA:398,57
DA:400,45
DA:425,48
DA:427,48
DA:428,48
DA:430,45
DA:432,39
DA:461,24
DA:482,114
DA:483,114
DA:489,126
DA:490,126
DA:491,33
DA:492,33
DA:494,126
DA:495,126
DA:496,102
DA:498,126
DA:506,135
DA:511,135
DA:516,135
DA:517,96
DA:518,72
DA:519,24
DA:520,0
DA:522,39
DA:523,6
DA:526,135
DA:528,135
DA:529,57
DA:532,78
DA:539,78
DA:543,78
DA:544,78
DA:545,3
DA:548,78
DA:549,9
DA:550,9
DA:553,78
DA:554,78
DA:555,39
DA:556,39
DA:557,6
DA:558,6
DA:559,6
DA:563,39
DA:564,9
DA:565,9
DA:566,3
DA:568,6
DA:572,30
DA:573,30
DA:581,57
DA:585,57
DA:586,57
DA:588,57
DA:589,36
DA:592,21
DA:595,18
DA:596,6
DA:598,12
DA:604,1
LF:227
LH:223
BRDA:24,1,0,82
BRDA:24,1,1,383
BRDA:31,2,0,21
BRDA:31,2,1,61
BRDA:31,3,0,82
BRDA:31,3,1,39
BRDA:41,4,0,444
BRDA:41,4,1,18
BRDA:44,5,0,185
BRDA:44,5,1,277
BRDA:55,6,0,0
BRDA:55,6,1,108
BRDA:55,7,0,108
BRDA:55,7,1,101
BRDA:55,7,2,83
BRDA:55,7,3,4
BRDA:64,8,0,4
BRDA:64,8,1,104
BRDA:72,9,0,79
BRDA:72,9,1,29
BRDA:83,10,0,1235
BRDA:83,10,1,719
BRDA:84,11,0,128
BRDA:84,11,1,14
BRDA:84,11,2,440
BRDA:84,11,3,79
BRDA:84,11,4,58
BRDA:92,12,0,66
BRDA:92,12,1,43
BRDA:92,12,2,331
BRDA:94,13,0,24
BRDA:94,13,1,42
BRDA:94,14,0,66
BRDA:94,14,1,24
BRDA:101,15,0,28
BRDA:101,15,1,303
BRDA:102,16,0,12
BRDA:102,16,1,16
BRDA:102,17,0,28
BRDA:102,17,1,12
BRDA:110,18,0,30
BRDA:110,18,1,49
BRDA:110,19,0,79
BRDA:110,19,1,30
BRDA:113,20,0,58
BRDA:113,20,1,30
BRDA:124,21,0,121
BRDA:124,21,1,188
BRDA:127,22,0,165
BRDA:127,22,1,144
BRDA:130,23,0,0
BRDA:130,23,1,309
BRDA:136,24,0,306
BRDA:136,24,1,3
BRDA:136,25,0,309
BRDA:136,25,1,3
BRDA:140,26,0,121
BRDA:140,26,1,188
BRDA:144,27,0,39
BRDA:144,27,1,270
BRDA:144,28,0,309
BRDA:144,28,1,93
BRDA:154,29,0,39
BRDA:154,29,1,82
BRDA:156,30,0,101
BRDA:156,30,1,20
BRDA:167,31,0,105
BRDA:167,31,1,16
BRDA:167,32,0,121
BRDA:167,32,1,117
BRDA:169,33,0,4
BRDA:169,33,1,101
BRDA:174,34,0,4
BRDA:174,34,1,101
BRDA:187,35,0,121
BRDA:187,35,1,188
BRDA:188,36,0,4
BRDA:188,36,1,117
BRDA:189,37,0,4
BRDA:189,37,1,117
BRDA:191,38,0,54
BRDA:191,38,1,134
BRDA:194,39,0,165
BRDA:194,39,1,144
BRDA:194,40,0,165
BRDA:194,40,1,144
BRDA:196,41,0,22
BRDA:196,41,1,287
BRDA:203,42,0,30
BRDA:203,42,1,135
BRDA:203,43,0,165
BRDA:203,43,1,33
BRDA:209,44,0,127
BRDA:209,44,1,444
BRDA:210,45,0,444
BRDA:210,45,1,420
BRDA:216,46,0,831
BRDA:216,46,1,504
BRDA:222,47,0,303
BRDA:222,47,1,528
BRDA:223,48,0,0
BRDA:223,48,1,303
BRDA:226,49,0,303
BRDA:226,49,1,126
BRDA:231,50,0,522
BRDA:231,50,1,6
BRDA:245,51,0,30
BRDA:245,51,1,165
BRDA:252,52,0,36
BRDA:252,52,1,159
BRDA:256,53,0,66
BRDA:256,53,1,330
BRDA:257,54,0,3
BRDA:257,54,1,63
BRDA:257,55,0,66
BRDA:257,55,1,3
BRDA:259,56,0,99
BRDA:259,56,1,231
BRDA:269,57,0,222
BRDA:269,57,1,165
BRDA:273,58,0,3
BRDA:273,58,1,162
BRDA:277,59,0,63
BRDA:277,59,1,324
BRDA:301,60,0,51
BRDA:301,60,1,120
BRDA:303,61,0,450
BRDA:303,61,1,669
BRDA:310,62,0,171
BRDA:310,62,1,0
BRDA:311,63,0,51
BRDA:311,63,1,120
BRDA:324,64,0,1632
BRDA:324,64,1,1194
BRDA:327,65,0,661
BRDA:327,65,1,649
BRDA:331,66,0,1140
BRDA:331,66,1,1040
BRDA:331,66,2,897
BRDA:331,66,3,885
BRDA:334,67,0,1601
BRDA:334,67,1,1387
BRDA:339,68,0,84
BRDA:339,68,1,30
BRDA:340,69,0,114
BRDA:340,69,1,108
BRDA:350,70,0,15
BRDA:350,70,1,473
BRDA:490,71,0,33
BRDA:490,71,1,93
BRDA:491,72,0,0
BRDA:491,72,1,33
BRDA:492,73,0,33
BRDA:492,73,1,0
BRDA:494,74,0,117
BRDA:494,74,1,9
BRDA:494,75,0,84
BRDA:494,75,1,33
BRDA:516,76,0,96
BRDA:516,76,1,39
BRDA:517,77,0,72
BRDA:517,77,1,24
BRDA:519,78,0,0
BRDA:519,78,1,24
BRDA:522,79,0,6
BRDA:522,79,1,33
BRDA:528,80,0,57
BRDA:528,80,1,78
BRDA:544,81,0,3
BRDA:544,81,1,75
BRDA:544,82,0,78
BRDA:544,82,1,9
BRDA:548,83,0,9
BRDA:548,83,1,69
BRDA:549,84,0,0
BRDA:549,84,1,9
BRDA:550,85,0,0
BRDA:550,85,1,9
BRDA:554,86,0,39
BRDA:554,86,1,39
BRDA:556,87,0,33
BRDA:556,87,1,6
BRDA:558,88,0,6
BRDA:558,88,1,0
BRDA:563,89,0,9
BRDA:563,89,1,30
BRDA:565,90,0,3
BRDA:565,90,1,6
BRDA:565,91,0,9
BRDA:565,91,1,6
BRDA:565,91,2,3
BRDA:588,92,0,36
BRDA:588,92,1,21
BRDA:595,93,0,6
BRDA:595,93,1,12
BRF:195
BRH:185
end_of_record
TN:
SF:/Users/Edward/Projects/bookshelf/lib/base/relation.js
FN:11,RelationBase
FN:25,instance
FN:31,createModel
FN:39,eagerPair
FNF:4
FNH:3
FNDA:496,RelationBase
FNDA:30,instance
FNDA:438,createModel
FNDA:0,eagerPair
DA:6,1
DA:7,1
DA:11,1
DA:12,496
DA:13,496
DA:14,496
DA:15,456
DA:16,456
DA:18,496
DA:21,1
DA:26,30
DA:32,438
DA:33,0
DA:35,438
DA:43,1
DA:45,1
LF:16
LH:15
BRDA:14,1,0,456
BRDA:14,1,1,40
BRDA:32,2,0,0
BRDA:32,2,1,438
BRF:4
BRH:3
end_of_record
TN:
SF:/Users/Edward/Projects/bookshelf/plugins/registry.js
FN:5,(anonymous_1)
FN:9,preventOverwrite
FN:17,(anonymous_3)
FN:28,(anonymous_4)
FN:41,(anonymous_5)
FN:47,resolveModel
FN:49,(anonymous_7)
FN:60,(anonymous_8)
FN:62,(anonymous_9)
FN:71,(anonymous_10)
FN:72,(anonymous_11)
FN:79,(anonymous_12)
FNF:12
FNH:11
FNDA:6,(anonymous_1)
FNDA:78,preventOverwrite
FNDA:87,(anonymous_3)
FNDA:54,(anonymous_4)
FNDA:15,(anonymous_5)
FNDA:51,resolveModel
FNDA:0,(anonymous_7)
FNDA:42,(anonymous_8)
FNDA:33,(anonymous_9)
FNDA:6,(anonymous_10)
FNDA:12,(anonymous_11)
FNDA:6,(anonymous_12)
DA:5,1
DA:7,6
DA:9,1
DA:10,78
DA:13,6
DA:17,6
DA:18,87
DA:19,87
DA:20,48
DA:21,42
DA:22,12
DA:24,42
DA:26,81
DA:28,6
DA:29,54
DA:30,54
DA:31,30
DA:32,27
DA:33,0
DA:35,27
DA:37,51
DA:41,15
DA:47,1
DA:48,51
DA:49,21
DA:50,0
DA:53,30
DA:56,6
DA:57,6
DA:60,6
DA:61,42
DA:62,42
DA:64,33
DA:70,6
DA:71,6
DA:72,6
DA:73,12
DA:78,6
DA:79,6
DA:80,6
LF:40
LH:38
BRDA:10,1,0,9
BRDA:10,1,1,69
BRDA:13,2,0,6
BRDA:13,2,1,3
BRDA:18,3,0,87
BRDA:18,3,1,18
BRDA:19,4,0,48
BRDA:19,4,1,39
BRDA:21,5,0,12
BRDA:21,5,1,30
BRDA:26,6,0,81
BRDA:26,6,1,9
BRDA:29,7,0,54
BRDA:29,7,1,15
BRDA:30,8,0,30
BRDA:30,8,1,24
BRDA:32,9,0,0
BRDA:32,9,1,27
BRDA:37,10,0,51
BRDA:37,10,1,15
BRDA:48,11,0,21
BRDA:48,11,1,30
BRDA:49,12,0,21
BRDA:49,12,1,15
BRDA:49,12,2,0
BRF:25
BRH:23
end_of_record
TN:
SF:/Users/Edward/Projects/bookshelf/plugins/virtuals.js
FN:4,(anonymous_1)
FN:15,(anonymous_2)
FN:39,(anonymous_3)
FN:50,(anonymous_4)
FN:59,(anonymous_5)
FN:94,(anonymous_6)
FN:123,(anonymous_7)
FN:151,(anonymous_8)
FN:152,(anonymous_9)
FN:159,getVirtual
FN:167,getVirtuals
FN:177,setVirtual
FNF:12
FNH:12
FNDA:3,(anonymous_1)
FNDA:78,(anonymous_2)
FNDA:21,(anonymous_3)
FNDA:159,(anonymous_4)
FNDA:147,(anonymous_5)
FNDA:15,(anonymous_6)
FNDA:15,(anonymous_7)
FNDA:18,(anonymous_8)
FNDA:18,(anonymous_9)
FNDA:33,getVirtual
FNDA:33,getVirtuals
FNDA:228,setVirtual
DA:4,1
DA:6,3
DA:7,3
DA:8,3
DA:10,3
DA:16,78
DA:17,78
DA:18,78
DA:19,39
DA:20,42
DA:21,42
DA:22,21
DA:23,21
DA:25,21
DA:27,42
DA:40,21
DA:41,21
DA:42,18
DA:43,15
DA:46,21
DA:51,159
DA:52,159
DA:53,6
DA:55,153
DA:61,147
DA:62,0
DA:67,147
DA:70,147
DA:71,108
DA:72,108
DA:73,3
DA:76,108
DA:80,39
DA:81,6
DA:86,33
DA:87,6
DA:90,33
DA:95,15
DA:98,15
DA:99,15
DA:100,15
DA:102,0
DA:103,0
DA:107,15
DA:110,15
DA:115,9
DA:118,9
DA:123,9
DA:125,15
DA:128,6
DA:134,6
DA:136,3
DA:139,9
DA:143,12
DA:148,3
DA:151,3
DA:152,18
DA:153,18
DA:154,18
DA:155,18
DA:159,1
DA:160,33
DA:161,33
DA:162,33
DA:167,1
DA:168,33
DA:169,33
DA:170,24
DA:171,27
DA:174,33
DA:177,1
DA:178,228
DA:179,228
DA:180,24
DA:181,18
DA:183,21
DA:187,3
LF:77
LH:74
BRDA:18,1,0,39
BRDA:18,1,1,39
BRDA:21,2,0,21
BRDA:21,2,1,21
BRDA:23,3,0,21
BRDA:23,3,1,0
BRDA:41,4,0,18
BRDA:41,4,1,3
BRDA:41,5,0,21
BRDA:41,5,1,6
BRDA:42,6,0,15
BRDA:42,6,1,3
BRDA:42,7,0,18
BRDA:42,7,1,3
BRDA:42,7,2,15
BRDA:52,8,0,6
BRDA:52,8,1,153
BRDA:52,9,0,159
BRDA:52,9,1,156
BRDA:61,10,0,0
BRDA:61,10,1,147
BRDA:70,11,0,108
BRDA:70,11,1,39
BRDA:72,12,0,3
BRDA:72,12,1,105
BRDA:80,13,0,6
BRDA:80,13,1,33
BRDA:86,14,0,6
BRDA:86,14,1,27
BRDA:98,15,0,15
BRDA:98,15,1,0
BRDA:98,16,0,15
BRDA:98,16,1,9
BRDA:99,17,0,15
BRDA:99,17,1,9
BRDA:99,17,2,6
BRDA:100,18,0,15
BRDA:100,18,1,6
BRDA:103,19,0,0
BRDA:103,19,1,0
BRDA:110,20,0,9
BRDA:110,20,1,6
BRDA:110,21,0,15
BRDA:110,21,1,9
BRDA:125,22,0,6
BRDA:125,22,1,6
BRDA:161,23,0,33
BRDA:161,23,1,0
BRDA:161,24,0,33
BRDA:161,24,1,33
BRDA:162,25,0,9
BRDA:162,25,1,24
BRDA:169,26,0,24
BRDA:169,26,1,9
BRDA:178,27,0,228
BRDA:178,27,1,198
BRDA:179,28,0,24
BRDA:179,28,1,204
BRDA:180,29,0,18
BRDA:180,29,1,6
BRF:60
BRH:54
end_of_record
TN:
SF:/Users/Edward/Projects/bookshelf/plugins/visibility.js
FN:4,(anonymous_1)
FN:20,(anonymous_2)
FN:33,(anonymous_3)
FNF:3
FNH:3
FNDA:3,(anonymous_1)
FNDA:36,(anonymous_2)
FNDA:9,(anonymous_3)
DA:4,1
DA:6,3
DA:7,3
DA:8,3
DA:10,3
DA:21,36
DA:22,36
DA:23,36
DA:24,0
DA:26,36
DA:27,0
DA:34,9
DA:35,9
DA:36,6
DA:38,9
DA:39,6
DA:41,9
DA:46,3
LF:18
LH:16
BRDA:22,1,0,36
BRDA:22,1,1,36
BRDA:23,2,0,0
BRDA:23,2,1,36
BRDA:26,3,0,0
BRDA:26,3,1,36
BRDA:35,4,0,6
BRDA:35,4,1,3
BRDA:38,5,0,6
BRDA:38,5,1,3
BRF:10
BRH:8
end_of_record
